  SYNC    include/config/auto.conf
  WRAP    arch/arm64/include/generated/uapi/asm/kvm_para.h
  WRAP    arch/arm64/include/generated/uapi/asm/errno.h
  WRAP    arch/arm64/include/generated/uapi/asm/ioctl.h
  WRAP    arch/arm64/include/generated/uapi/asm/ioctls.h
  WRAP    arch/arm64/include/generated/uapi/asm/ipcbuf.h
  WRAP    arch/arm64/include/generated/uapi/asm/msgbuf.h
  WRAP    arch/arm64/include/generated/uapi/asm/poll.h
  WRAP    arch/arm64/include/generated/uapi/asm/resource.h
  WRAP    arch/arm64/include/generated/uapi/asm/sembuf.h
  WRAP    arch/arm64/include/generated/uapi/asm/shmbuf.h
  WRAP    arch/arm64/include/generated/uapi/asm/siginfo.h
  WRAP    arch/arm64/include/generated/uapi/asm/socket.h
  WRAP    arch/arm64/include/generated/uapi/asm/sockios.h
  WRAP    arch/arm64/include/generated/uapi/asm/stat.h
  WRAP    arch/arm64/include/generated/uapi/asm/swab.h
  WRAP    arch/arm64/include/generated/uapi/asm/termbits.h
  WRAP    arch/arm64/include/generated/uapi/asm/termios.h
  UPD     include/generated/uapi/linux/version.h
  WRAP    arch/arm64/include/generated/uapi/asm/types.h
  HOSTCC  scripts/dtc/dtc.o
  UPD     include/generated/compile.h
  WRAP    arch/arm64/include/generated/asm/early_ioremap.h
  WRAP    arch/arm64/include/generated/asm/mcs_spinlock.h
  WRAP    arch/arm64/include/generated/asm/qrwlock.h
  WRAP    arch/arm64/include/generated/asm/qspinlock.h
  WRAP    arch/arm64/include/generated/asm/parport.h
  WRAP    arch/arm64/include/generated/asm/user.h
  WRAP    arch/arm64/include/generated/asm/bugs.h
  WRAP    arch/arm64/include/generated/asm/delay.h
  WRAP    arch/arm64/include/generated/asm/div64.h
  WRAP    arch/arm64/include/generated/asm/dma-mapping.h
  WRAP    arch/arm64/include/generated/asm/dma.h
  WRAP    arch/arm64/include/generated/asm/emergency-restart.h
  WRAP    arch/arm64/include/generated/asm/hw_irq.h
  WRAP    arch/arm64/include/generated/asm/irq_regs.h
  WRAP    arch/arm64/include/generated/asm/kdebug.h
  WRAP    arch/arm64/include/generated/asm/kmap_size.h
  WRAP    arch/arm64/include/generated/asm/local.h
  WRAP    arch/arm64/include/generated/asm/local64.h
  WRAP    arch/arm64/include/generated/asm/mmiowb.h
  WRAP    arch/arm64/include/generated/asm/msi.h
  WRAP    arch/arm64/include/generated/asm/serial.h
  WRAP    arch/arm64/include/generated/asm/softirq_stack.h
  WRAP    arch/arm64/include/generated/asm/switch_to.h
  WRAP    arch/arm64/include/generated/asm/trace_clock.h
  WRAP    arch/arm64/include/generated/asm/unaligned.h
  WRAP    arch/arm64/include/generated/asm/vga.h
  HOSTCC  scripts/dtc/flattree.o
  HOSTCC  scripts/dtc/fstree.o
  HOSTCC  scripts/dtc/data.o
  HOSTCC  scripts/dtc/livetree.o
  HOSTCC  scripts/dtc/treesource.o
  HOSTCC  scripts/dtc/srcpos.o
  HOSTCC  scripts/dtc/checks.o
  HOSTCC  scripts/dtc/util.o
  LEX     scripts/dtc/dtc-lexer.lex.c
  YACC    scripts/dtc/dtc-parser.tab.[ch]
  HOSTCC  scripts/dtc/libfdt/fdt.o
  HOSTCC  scripts/dtc/libfdt/fdt_ro.o
  HOSTCC  scripts/dtc/libfdt/fdt_wip.o
  HOSTCC  scripts/dtc/libfdt/fdt_sw.o
  UPD     include/config/kernel.release
  UPD     include/generated/utsrelease.h
  HOSTCC  scripts/dtc/libfdt/fdt_rw.o
  HOSTCC  scripts/dtc/libfdt/fdt_strerror.o
  HOSTCC  scripts/dtc/libfdt/fdt_empty_tree.o
  HOSTCC  scripts/dtc/libfdt/fdt_addresses.o
  HOSTCC  scripts/dtc/libfdt/fdt_overlay.o
  HOSTCC  scripts/dtc/fdtoverlay.o
  HOSTCC  scripts/dtc/dtc-lexer.lex.o
  HOSTCC  scripts/dtc/dtc-parser.tab.o
  HOSTLD  scripts/dtc/fdtoverlay
  HOSTLD  scripts/dtc/dtc
  HOSTCC  scripts/kallsyms
  HOSTCC  scripts/sorttable
  HOSTCC  scripts/asn1_compiler
  GEN     arch/arm64/include/generated/asm/cpucaps.h
  GEN     arch/arm64/include/generated/asm/sysreg-defs.h
  CC      scripts/mod/empty.o
  HOSTCC  scripts/mod/mk_elfconfig
  CC      scripts/mod/devicetable-offsets.s
  UPD     scripts/mod/devicetable-offsets.h
  MKELF   scripts/mod/elfconfig.h
  HOSTCC  scripts/mod/modpost.o
  HOSTCC  scripts/mod/file2alias.o
  HOSTCC  scripts/mod/sumversion.o
  HOSTLD  scripts/mod/modpost
  CC      kernel/bounds.s
  CHKSHA1 include/linux/atomic/atomic-arch-fallback.h
  CHKSHA1 include/linux/atomic/atomic-instrumented.h
  UPD     include/generated/timeconst.h
  CHKSHA1 include/linux/atomic/atomic-long.h
  UPD     include/generated/bounds.h
  CC      arch/arm64/kernel/asm-offsets.s
  UPD     include/generated/asm-offsets.h
  CALL    scripts/checksyscalls.sh
  LDS     arch/arm64/kernel/vdso/vdso.lds
  CC      arch/arm64/kernel/vdso/vgettimeofday.o
  AS      arch/arm64/kernel/vdso/note.o
  AS      arch/arm64/kernel/vdso/sigreturn.o
  LD      arch/arm64/kernel/vdso/vdso.so.dbg
  VDSOSYM include/generated/vdso-offsets.h
  OBJCOPY arch/arm64/kernel/vdso/vdso.so
  HOSTCC  usr/gen_init_cpio
  CC      init/main.o
  LDS     arch/arm64/kernel/vmlinux.lds
  CC      kernel/fork.o
  CC      arch/arm64/kernel/debug-monitors.o
  GEN     usr/initramfs_data.cpio
  COPY    usr/initramfs_inc_data
  AS      usr/initramfs_data.o
  AR      usr/built-in.a
  CC      certs/system_keyring.o
  HOSTCC  certs/extract-cert
  AS      arch/arm64/kernel/entry.o
  CC      arch/arm64/kernel/irq.o
  CERT    certs/x509_certificate_list
  CERT    certs/signing_key.x509
  AS      certs/system_certificates.o
  AR      certs/built-in.a
  CC      arch/arm64/mm/dma-mapping.o
  UPD     init/utsversion-tmp.h
  CC      init/do_mounts.o
  CC      arch/arm64/kernel/fpsimd.o
  CC      arch/arm64/mm/extable.o
  CC      arch/arm64/mm/fault.o
  CC      kernel/exec_domain.o
  CC      init/do_mounts_initrd.o
  CC      arch/arm64/kernel/entry-common.o
  CC      kernel/panic.o
  CC      init/initramfs.o
  CC      arch/arm64/mm/init.o
  CC      kernel/cpu.o
  AS      arch/arm64/kernel/entry-fpsimd.o
  CC      arch/arm64/kernel/process.o
  CC      init/calibrate.o
  AS      arch/arm64/mm/cache.o
  CC      arch/arm64/mm/copypage.o
  CC      init/init_task.o
  CC      arch/arm64/mm/flush.o
  CC      arch/arm64/kernel/ptrace.o
  CC      init/version.o
  AR      init/built-in.a
  CC      arch/arm64/net/bpf_jit_comp.o
  CC      arch/arm64/mm/ioremap.o
  CC      kernel/exit.o
  CC      arch/arm64/mm/mmap.o
  CC      arch/arm64/mm/pgd.o
  CC      arch/arm64/kernel/setup.o
  CC      arch/arm64/mm/mmu.o
  CC      kernel/softirq.o
  CC      arch/arm64/kernel/signal.o
  AR      arch/arm64/net/built-in.a
  CC      arch/arm64/mm/context.o
  CC      kernel/resource.o
  CC      mm/filemap.o
  AS      arch/arm64/mm/proc.o
  CC      arch/arm64/mm/pageattr.o
  CC      arch/arm64/kernel/sys.o
  CC      arch/arm64/mm/fixmap.o
  CC      kernel/sysctl.o
  CC      arch/arm64/kernel/stacktrace.o
  CC      arch/arm64/mm/hugetlbpage.o
  CC      arch/arm64/kernel/time.o
  CC      arch/arm64/mm/trans_pgd.o
  CC      arch/arm64/kernel/traps.o
  CC      kernel/capability.o
  CC      mm/mempool.o
  AS      arch/arm64/mm/trans_pgd-asm.o
  CC      arch/arm64/mm/mteswap.o
  CC      kernel/ptrace.o
  CC      arch/arm64/kernel/io.o
  CC      mm/oom_kill.o
  AR      arch/arm64/mm/built-in.a
  CC      fs/open.o
  CC      arch/arm64/kernel/vdso.o
  AS      arch/arm64/kernel/hyp-stub.o
  CC      arch/arm64/kernel/psci.o
  CC      kernel/user.o
  CC      mm/fadvise.o
  CC      kernel/signal.o
  CC      arch/arm64/kernel/cpu_ops.o
  CC      fs/read_write.o
  CC      mm/maccess.o
  CC      arch/arm64/kernel/return_address.o
  CC      arch/arm64/kernel/cpuinfo.o
  CC      mm/page-writeback.o
  CC      arch/arm64/kernel/cpu_errata.o
  CC      fs/file_table.o
  CC      arch/arm64/kernel/cpufeature.o
  CC      fs/super.o
  CC      kernel/sys.o
  CC      mm/folio-compat.o
  CC      mm/readahead.o
  CC      arch/arm64/kernel/alternative.o
  CC      fs/char_dev.o
  CC      arch/arm64/kernel/cacheinfo.o
  CC      mm/swap.o
  CC      kernel/umh.o
  CC      fs/stat.o
  CC      arch/arm64/kernel/smp.o
  CC      kernel/workqueue.o
  CC      fs/exec.o
  CC      mm/truncate.o
  CC      arch/arm64/kernel/smp_spin_table.o
  CC      arch/arm64/kernel/topology.o
  CC      mm/vmscan.o
  CC      fs/pipe.o
  AS      arch/arm64/kernel/smccc-call.o
  CC      arch/arm64/kernel/syscall.o
  CC      arch/arm64/kernel/proton-pack.o
  CC      kernel/pid.o
  CC      fs/namei.o
  CC      arch/arm64/kernel/idreg-override.o
  CC      kernel/task_work.o
  CC      arch/arm64/kernel/idle.o
  CC      mm/shmem.o
  CC      kernel/extable.o
  CC      arch/arm64/kernel/patching.o
  CC      arch/arm64/kernel/sys32.o
  CC      kernel/params.o
  CC      arch/arm64/kernel/signal32.o
  CC      fs/fcntl.o
  CC      kernel/kthread.o
  CC      arch/arm64/kernel/sys_compat.o
  CC      fs/ioctl.o
  CC      mm/util.o
  CC      kernel/sys_ni.o
  AS      arch/arm64/kernel/sigreturn32.o
  AS      arch/arm64/kernel/kuser32.o
  CC      arch/arm64/kernel/module.o
  CC      kernel/nsproxy.o
  CC      fs/readdir.o
  CC      mm/mmzone.o
  CC      arch/arm64/kernel/module-plts.o
  CC      mm/vmstat.o
  CC      kernel/notifier.o
  CC      fs/select.o
  CC      arch/arm64/kernel/perf_regs.o
  CC      kernel/ksysfs.o
  CC      arch/arm64/kernel/perf_callchain.o
  CC      kernel/cred.o
  CC      mm/backing-dev.o
  CC      arch/arm64/kernel/hw_breakpoint.o
  CC      fs/dcache.o
  CC      kernel/reboot.o
  AS      arch/arm64/kernel/sleep.o
  CC      arch/arm64/kernel/suspend.o
  CC      mm/mm_init.o
  CC      kernel/async.o
  CC      arch/arm64/kernel/cpuidle.o
  CC      kernel/range.o
  CC      arch/arm64/kernel/jump_label.o
  CC      kernel/smpboot.o
  CC      arch/arm64/kernel/efi.o
  CC      fs/inode.o
  CC      mm/percpu.o
  CC      kernel/ucount.o
  AS      arch/arm64/kernel/efi-rt-wrapper.o
  CC      arch/arm64/kernel/pci.o
  CC      kernel/regset.o
  CC      arch/arm64/kernel/acpi.o
  CC      kernel/ksyms_common.o
  CC      fs/attr.o
  CC      kernel/groups.o
  CC      arch/arm64/kernel/acpi_numa.o
  CC      mm/slab_common.o
  CC      fs/bad_inode.o
  CC      kernel/sched/core.o
  CC      arch/arm64/kernel/paravirt.o
  CC      fs/file.o
  CC      arch/arm64/kernel/kaslr.o
  CC      arch/arm64/kernel/pi/kaslr_early.o
  CC      mm/compaction.o
  CC      arch/arm64/kernel/pi/lib-fdt.o
  CC      arch/arm64/kernel/pi/lib-fdt_ro.o
  OBJCOPY arch/arm64/kernel/pi/kaslr_early.pi.o
  OBJCOPY arch/arm64/kernel/pi/lib-fdt.pi.o
  OBJCOPY arch/arm64/kernel/pi/lib-fdt_ro.pi.o
  AR      arch/arm64/kernel/pi/built-in.a
  CC      arch/arm64/kernel/hibernate.o
  CC      fs/filesystems.o
  CC      fs/namespace.o
  AS      arch/arm64/kernel/hibernate-asm.o
  CC      arch/arm64/kernel/elfcore.o
  CC      arch/arm64/kernel/machine_kexec.o
  CC      mm/show_mem.o
  AS      arch/arm64/kernel/relocate_kernel.o
  AS      arch/arm64/kernel/cpu-reset.o
  CC      arch/arm64/kernel/machine_kexec_file.o
  CC      mm/shmem_quota.o
  CC      kernel/sched/fair.o
  CC      arch/arm64/kernel/kexec_image.o
  CC      mm/interval_tree.o
  CC      arch/arm64/kernel/crash_dump.o
  CC      mm/list_lru.o
  CC      arch/arm64/kernel/crash_core.o
  CC      fs/seq_file.o
  CC      arch/arm64/kernel/pointer_auth.o
  CC      mm/workingset.o
  CC      fs/xattr.o
  CC      arch/arm64/kernel/mte.o
  CC      mm/debug.o
  AS      arch/arm64/kernel/vdso-wrap.o
  AR      arch/arm64/kernel/probes/built-in.a
  AS      arch/arm64/kernel/head.o
  AR      arch/arm64/kernel/built-in.a
  CC      arch/arm64/kvm/hyp-constants.s
  CC      fs/libfs.o
  CC      mm/gup.o
  CC      arch/arm64/kvm/hyp/vhe/timer-sr.o
  CC      arch/arm64/kvm/hyp/vhe/sysreg-sr.o
  CC      fs/fs-writeback.o
  CC      arch/arm64/kvm/hyp/vhe/debug-sr.o
  CC      kernel/sched/build_policy.o
  CC      mm/mmap_lock.o
  CC      arch/arm64/kvm/hyp/vhe/switch.o
  CC      mm/highmem.o
  CC      fs/pnode.o
  CC      mm/memory.o
  CC      fs/splice.o
  CC      arch/arm64/kvm/hyp/vhe/tlb.o
  CC      arch/arm64/kvm/hyp/vhe/../vgic-v3-sr.o
  CC      fs/sync.o
  CC      arch/arm64/kvm/hyp/vhe/../aarch32.o
  CC      kernel/sched/build_utility.o
  CC      fs/utimes.o
  CC      arch/arm64/kvm/hyp/vhe/../vgic-v2-cpuif-proxy.o
  CC      fs/d_path.o
  AS      arch/arm64/kvm/hyp/vhe/../entry.o
  AS      arch/arm64/kvm/hyp/vhe/../fpsimd.o
  AS      arch/arm64/kvm/hyp/vhe/../hyp-entry.o
  CC      arch/arm64/kvm/hyp/vhe/../exception.o
  CC      mm/mincore.o
  CC      fs/stack.o
  CC      fs/fs_struct.o
  AR      arch/arm64/kvm/hyp/vhe/built-in.a
  LDS     arch/arm64/kvm/hyp/nvhe/hyp.lds
  CC      arch/arm64/kvm/hyp/nvhe/timer-sr.nvhe.o
  CC      mm/mlock.o
  CC      fs/statfs.o
  CC      arch/arm64/kvm/hyp/nvhe/sysreg-sr.nvhe.o
  CC      fs/fs_pin.o
  CC      mm/mmap.o
  CC      arch/arm64/kvm/hyp/nvhe/debug-sr.nvhe.o
  AR      kernel/sched/built-in.a
  CC      kernel/locking/mutex.o
  CC      fs/nsfs.o
  CC      arch/arm64/kvm/hyp/nvhe/switch.nvhe.o
  CC      fs/fs_types.o
  CC      kernel/locking/semaphore.o
  CC      fs/fs_context.o
  CC      kernel/locking/rwsem.o
  CC      arch/arm64/kvm/hyp/nvhe/tlb.nvhe.o
  CC      mm/mmu_gather.o
  CC      fs/fs_parser.o
  CC      kernel/locking/percpu-rwsem.o
  AS      arch/arm64/kvm/hyp/nvhe/hyp-init.nvhe.o
  AS      arch/arm64/kvm/hyp/nvhe/host.nvhe.o
  CC      fs/fsopen.o
  CC      arch/arm64/kvm/hyp/nvhe/hyp-main.nvhe.o
  CC      mm/mprotect.o
  CC      kernel/locking/spinlock.o
  CC      fs/init.o
  CC      arch/arm64/kvm/hyp/nvhe/hyp-smp.nvhe.o
  CC      kernel/locking/osq_lock.o
  CC      kernel/locking/qspinlock.o
  CC      fs/kernel_read_file.o
  CC      mm/mremap.o
  CC      arch/arm64/kvm/hyp/nvhe/psci-relay.nvhe.o
  CC      kernel/locking/rtmutex_api.o
  CC      fs/mnt_idmapping.o
  CC      arch/arm64/kvm/hyp/nvhe/early_alloc.nvhe.o
  CC      fs/remap_range.o
  CC      mm/msync.o
  CC      arch/arm64/kvm/hyp/nvhe/page_alloc.nvhe.o
  CC      kernel/locking/qrwlock.o
  CC      mm/page_vma_mapped.o
  CC      fs/buffer.o
  AR      kernel/locking/built-in.a
  CC      kernel/power/qos.o
  AS      arch/arm64/kvm/hyp/nvhe/cache.nvhe.o
  CC      arch/arm64/kvm/hyp/nvhe/setup.nvhe.o
  CC      mm/pagewalk.o
  CC      kernel/power/main.o
  CC      arch/arm64/kvm/hyp/nvhe/mm.nvhe.o
  CC      mm/pgtable-generic.o
  CC      kernel/power/console.o
  CC      arch/arm64/kvm/hyp/nvhe/mem_protect.nvhe.o
  CC      fs/mpage.o
  CC      mm/rmap.o
  CC      kernel/power/process.o
  CC      arch/arm64/kvm/hyp/nvhe/sys_regs.nvhe.o
  CC      kernel/power/suspend.o
  CC      fs/proc_namespace.o
  CC      fs/direct-io.o
  CC      arch/arm64/kvm/hyp/nvhe/pkvm.nvhe.o
  CC      kernel/power/hibernate.o
  CC      mm/vmalloc.o
  CC      arch/arm64/kvm/hyp/nvhe/stacktrace.nvhe.o
  CC      fs/notify/fsnotify.o
  CC      kernel/power/snapshot.o
  CC      arch/arm64/kvm/hyp/nvhe/ffa.nvhe.o
  CC      fs/notify/notification.o
  CC      fs/notify/group.o
  CC      arch/arm64/kvm/hyp/nvhe/../vgic-v3-sr.nvhe.o
  CC      kernel/power/swap.o
  CC      mm/process_vm_access.o
  CC      fs/notify/mark.o
  CC      arch/arm64/kvm/hyp/nvhe/../aarch32.nvhe.o
  CC      mm/page_alloc.o
  CC      kernel/power/user.o
  CC      fs/notify/fdinfo.o
  CC      arch/arm64/kvm/hyp/nvhe/../vgic-v2-cpuif-proxy.nvhe.o
  CC      fs/notify/dnotify/dnotify.o
  CC      kernel/power/poweroff.o
  AS      arch/arm64/kvm/hyp/nvhe/../entry.nvhe.o
  AS      arch/arm64/kvm/hyp/nvhe/../fpsimd.nvhe.o
  CC      kernel/power/energy_model.o
  AS      arch/arm64/kvm/hyp/nvhe/../hyp-entry.nvhe.o
  CC      arch/arm64/kvm/hyp/nvhe/../exception.nvhe.o
  AR      fs/notify/dnotify/built-in.a
  CC      fs/notify/inotify/inotify_fsnotify.o
  AR      kernel/power/built-in.a
  CC      kernel/printk/printk.o
  CC      fs/notify/inotify/inotify_user.o
  CC      arch/arm64/kvm/hyp/nvhe/../pgtable.nvhe.o
  AR      fs/notify/inotify/built-in.a
  CC      fs/notify/fanotify/fanotify.o
  AS      arch/arm64/kvm/hyp/nvhe/../../../lib/clear_page.nvhe.o
  AS      arch/arm64/kvm/hyp/nvhe/../../../lib/copy_page.nvhe.o
  AS      arch/arm64/kvm/hyp/nvhe/../../../lib/memcpy.nvhe.o
  AS      arch/arm64/kvm/hyp/nvhe/../../../lib/memset.nvhe.o
  HOSTCC  arch/arm64/kvm/hyp/nvhe/gen-hyprel
  LD      arch/arm64/kvm/hyp/nvhe/kvm_nvhe.tmp.o
  HYPREL  arch/arm64/kvm/hyp/nvhe/hyp-reloc.S
  AS      arch/arm64/kvm/hyp/nvhe/hyp-reloc.o
  LD      arch/arm64/kvm/hyp/nvhe/kvm_nvhe.rel.o
  HYPCOPY arch/arm64/kvm/hyp/nvhe/kvm_nvhe.o
  AR      arch/arm64/kvm/hyp/nvhe/built-in.a
  CC      arch/arm64/kvm/hyp/pgtable.o
  CC      mm/init-mm.o
  CC      kernel/printk/printk_safe.o
  CC      fs/notify/fanotify/fanotify_user.o
  CC      mm/memblock.o
  CC      kernel/printk/printk_ringbuffer.o
  AR      arch/arm64/kvm/hyp/built-in.a
  UPD     arch/arm64/kvm/hyp_constants.h
  CC      arch/arm64/kvm/../../../virt/kvm/kvm_main.o
  CC      kernel/printk/sysctl.o
  AR      kernel/printk/built-in.a
  CC      kernel/irq/irqdesc.o
  AR      fs/notify/fanotify/built-in.a
  AR      fs/notify/built-in.a
  CC      fs/eventpoll.o
  CC      mm/memory_hotplug.o
  CC      kernel/irq/handle.o
  CC      kernel/irq/manage.o
  CC      mm/madvise.o
  CC      fs/anon_inodes.o
  CC      fs/signalfd.o
  CC      kernel/irq/spurious.o
  CC      fs/timerfd.o
  CC      arch/arm64/kvm/../../../virt/kvm/eventfd.o
  CC      mm/page_io.o
  CC      kernel/irq/resend.o
  CC      kernel/irq/chip.o
  CC      fs/eventfd.o
  CC      arch/arm64/kvm/../../../virt/kvm/binary_stats.o
  CC      mm/swap_state.o
  CC      fs/aio.o
  CC      arch/arm64/kvm/../../../virt/kvm/vfio.o
  CC      kernel/irq/dummychip.o
  CC      mm/swapfile.o
  CC      kernel/irq/devres.o
  CC      arch/arm64/kvm/../../../virt/kvm/coalesced_mmio.o
  CC      kernel/irq/generic-chip.o
  CC      arch/arm64/kvm/../../../virt/kvm/irqchip.o
  CC      fs/locks.o
  CC      kernel/irq/autoprobe.o
  CC      arch/arm64/kvm/../../../virt/kvm/dirty_ring.o
  CC      kernel/irq/irqdomain.o
  CC      arch/arm64/kvm/arm.o
  CC      mm/swap_slots.o
  CC      fs/binfmt_script.o
  CC      kernel/irq/proc.o
  CC      mm/dmapool.o
  CC      fs/binfmt_elf.o
  CC      kernel/irq/cpuhotplug.o
  CC      mm/hugetlb.o
  CC      kernel/irq/pm.o
  CC      arch/arm64/kvm/mmu.o
  CC      fs/compat_binfmt_elf.o
  CC      kernel/irq/msi.o
  CC      arch/arm64/kvm/mmio.o
  CC      kernel/irq/ipi.o
  CC      fs/mbcache.o
  CC      kernel/irq/ipi-mux.o
  CC      arch/arm64/kvm/psci.o
  CC      fs/posix_acl.o
  CC      kernel/irq/affinity.o
  CC      arch/arm64/kvm/hypercalls.o
  CC      mm/mempolicy.o
  AR      kernel/irq/built-in.a
  CC      kernel/rcu/update.o
  CC      fs/nfs_common/grace.o
  CC      arch/arm64/kvm/pvtime.o
  CC      fs/nfs_common/nfs_ssc.o
  CC      arch/arm64/kvm/inject_fault.o
  CC      kernel/rcu/sync.o
  AR      fs/nfs_common/built-in.a
  CC      fs/coredump.o
  CC      kernel/rcu/srcutree.o
  CC      mm/sparse.o
  CC      arch/arm64/kvm/va_layout.o
  CC      kernel/rcu/tree.o
  CC      fs/drop_caches.o
  CC      mm/sparse-vmemmap.o
  CC      arch/arm64/kvm/handle_exit.o
  CC      fs/sysctls.o
  CC      fs/fhandle.o
  CC      mm/mmu_notifier.o
  CC      arch/arm64/kvm/guest.o
  CC      fs/iomap/trace.o
  CC      mm/ksm.o
  CC      fs/iomap/iter.o
  CC      arch/arm64/kvm/debug.o
  CC      fs/iomap/buffered-io.o
  CC      arch/arm64/kvm/reset.o
  CC      kernel/rcu/rcu_segcblist.o
  CC      mm/slub.o
  CC      arch/arm64/kvm/sys_regs.o
  AR      kernel/rcu/built-in.a
  AR      kernel/livepatch/built-in.a
  CC      kernel/dma/mapping.o
  CC      fs/iomap/direct-io.o
  CC      fs/iomap/fiemap.o
  CC      kernel/dma/direct.o
  CC      fs/iomap/seek.o
  CC      arch/arm64/kvm/stacktrace.o
  CC      kernel/dma/ops_helpers.o
  CC      fs/iomap/swapfile.o
  CC      kernel/dma/dummy.o
  CC      arch/arm64/kvm/vgic-sys-reg-v3.o
  AR      fs/iomap/built-in.a
  CC      fs/quota/dquot.o
  CC      kernel/dma/contiguous.o
  CC      mm/memtest.o
  CC      arch/arm64/kvm/fpsimd.o
  CC      mm/migrate.o
  CC      kernel/dma/coherent.o
  CC      arch/arm64/kvm/pkvm.o
  CC      kernel/dma/swiotlb.o
  CC      arch/arm64/kvm/arch_timer.o
  CC      fs/quota/quota.o
  CC      kernel/dma/pool.o
  CC      mm/memory-tiers.o
  CC      kernel/dma/remap.o
  CC      arch/arm64/kvm/trng.o
  CC      fs/quota/kqid.o
  AR      kernel/dma/built-in.a
  CC      kernel/entry/kvm.o
  CC      mm/huge_memory.o
  AR      fs/quota/built-in.a
  CC      fs/proc/task_mmu.o
  CC      arch/arm64/kvm/vmid.o
  AR      kernel/entry/built-in.a
  CC      kernel/module/main.o
  CC      arch/arm64/kvm/emulate-nested.o
  CC      fs/proc/inode.o
  CC      arch/arm64/kvm/nested.o
  CC      kernel/module/strict_rwx.o
  CC      fs/proc/root.o
  CC      mm/khugepaged.o
  CC      arch/arm64/kvm/vgic/vgic.o
  CC      kernel/module/kmod.o
  CC      fs/proc/base.o
  CC      kernel/module/tree_lookup.o
  CC      arch/arm64/kvm/vgic/vgic-init.o
  CC      kernel/module/kallsyms.o
  CC      arch/arm64/kvm/vgic/vgic-irqfd.o
  CC      mm/page_counter.o
  CC      kernel/module/procfs.o
  CC      mm/memcontrol.o
  CC      arch/arm64/kvm/vgic/vgic-v2.o
  CC      kernel/module/sysfs.o
  CC      fs/proc/generic.o
  AR      kernel/module/built-in.a
  CC      kernel/kcmp.o
  CC      arch/arm64/kvm/vgic/vgic-v3.o
  CC      fs/proc/array.o
  CC      kernel/freezer.o
  CC      arch/arm64/kvm/vgic/vgic-v4.o
  CC      fs/proc/fd.o
  CC      kernel/profile.o
  CC      fs/proc/proc_tty.o
  CC      arch/arm64/kvm/vgic/vgic-mmio.o
  CC      kernel/stacktrace.o
  CC      fs/proc/cmdline.o
  CC      kernel/time/time.o
  CC      fs/proc/consoles.o
  CC      arch/arm64/kvm/vgic/vgic-mmio-v2.o
  CC      fs/proc/cpuinfo.o
  CC      mm/vmpressure.o
  CC      fs/proc/devices.o
  CC      kernel/time/timer.o
  CC      arch/arm64/kvm/vgic/vgic-mmio-v3.o
  CC      mm/swap_cgroup.o
  CC      fs/proc/interrupts.o
  CC      mm/hugetlb_cgroup.o
  CC      fs/proc/loadavg.o
  CC      arch/arm64/kvm/vgic/vgic-kvm-device.o
  CC      kernel/time/hrtimer.o
  CC      fs/proc/meminfo.o
  CC      arch/arm64/kvm/vgic/vgic-its.o
  CC      mm/memory-failure.o
  CC      fs/proc/stat.o
  CC      kernel/time/timekeeping.o
  CC      fs/proc/uptime.o
  CC      fs/proc/util.o
  CC      kernel/time/ntp.o
  CC      fs/proc/version.o
  CC      arch/arm64/kvm/vgic/vgic-debug.o
  CC      mm/page_isolation.o
  CC      fs/proc/softirqs.o
  CC      kernel/time/clocksource.o
  CC      arch/arm64/kvm/pmu-emul.o
  CC      fs/proc/namespaces.o
  CC      mm/early_ioremap.o
  CC      kernel/time/jiffies.o
  CC      fs/proc/self.o
  CC      mm/cma.o
  CC      kernel/time/timer_list.o
  CC      arch/arm64/kvm/pmu.o
  CC      fs/proc/thread_self.o
  CC      kernel/time/timeconv.o
  CC      mm/balloon_compaction.o
  AR      arch/arm64/kvm/built-in.a
  CC      fs/proc/proc_sysctl.o
  CC      arch/arm64/xen/../../arm/xen/enlighten.o
  CC      kernel/time/timecounter.o
  CC      kernel/time/alarmtimer.o
  CC      mm/secretmem.o
  CC      arch/arm64/xen/../../arm/xen/grant-table.o
  CC      kernel/time/posix-timers.o
  CC      arch/arm64/xen/../../arm/xen/p2m.o
  CC      mm/memfd.o
  CC      fs/proc/proc_net.o
  CC      arch/arm64/xen/../../arm/xen/mm.o
  CC      mm/page_reporting.o
  CC      fs/proc/vmcore.o
  CC      kernel/time/posix-cpu-timers.o
  AS      arch/arm64/xen/hypercall.o
  AR      arch/arm64/xen/built-in.a
  CC      arch/arm64/crypto/sha1-ce-glue.o
  CC      mm/ioremap.o
  AS      arch/arm64/crypto/sha1-ce-core.o
  CC      fs/proc/kmsg.o
  CC      arch/arm64/crypto/sha2-ce-glue.o
  CC      kernel/time/posix-clock.o
  AR      mm/built-in.a
  CC      fs/kernfs/mount.o
  CC      fs/proc/page.o
  AS      arch/arm64/crypto/sha2-ce-core.o
  CC      arch/arm64/crypto/ghash-ce-glue.o
  CC      kernel/time/itimer.o
  CC      fs/kernfs/inode.o
  AR      fs/proc/built-in.a
  CC      kernel/futex/core.o
  AS      arch/arm64/crypto/ghash-ce-core.o
  CC      kernel/time/clockevents.o
  AS      arch/arm64/crypto/aes-ce-core.o
  CC      arch/arm64/crypto/aes-ce-glue.o
  CC      fs/kernfs/dir.o
  CC      arch/arm64/crypto/aes-ce-ccm-glue.o
  CC      kernel/futex/syscalls.o
  CC      kernel/time/tick-common.o
  CC      fs/kernfs/file.o
  AS      arch/arm64/crypto/aes-ce-ccm-core.o
  CC      arch/arm64/crypto/aes-glue-ce.o
  CC      kernel/futex/pi.o
  CC      kernel/time/tick-broadcast.o
  CC      fs/kernfs/symlink.o
  CC      kernel/futex/requeue.o
  AS      arch/arm64/crypto/aes-ce.o
  CC      arch/arm64/crypto/sha256-glue.o
  CC      kernel/time/tick-broadcast-hrtimer.o
  AR      fs/kernfs/built-in.a
  CC      fs/sysfs/file.o
  CC      kernel/futex/waitwake.o
  CC      kernel/time/sched_clock.o
  PERLASM arch/arm64/crypto/sha256-core.S
  AS      arch/arm64/crypto/sha256-core.o
  AR      arch/arm64/crypto/built-in.a
  AR      arch/arm64/built-in.a
  CC      fs/configfs/inode.o
  AR      kernel/futex/built-in.a
  CC      kernel/time/tick-oneshot.o
  CC      fs/sysfs/dir.o
  CC      kernel/time/tick-sched.o
  CC      fs/configfs/file.o
  CC      fs/sysfs/symlink.o
  CC      ipc/compat.o
  CC      fs/configfs/dir.o
  CC      kernel/time/vsyscall.o
  CC      fs/sysfs/mount.o
  CC      ipc/util.o
  CC      kernel/time/timekeeping_debug.o
  CC      fs/sysfs/group.o
  CC      kernel/time/namespace.o
  CC      fs/configfs/symlink.o
  CC      ipc/msgutil.o
  AR      fs/sysfs/built-in.a
  CC      kernel/smp.o
  CC      fs/configfs/mount.o
  AR      kernel/time/built-in.a
  CC      ipc/msg.o
  CC      security/keys/gc.o
  CC      kernel/uid16.o
  CC      fs/configfs/item.o
  CC      security/keys/key.o
  AR      fs/configfs/built-in.a
  CC      fs/devpts/inode.o
  CC      kernel/kallsyms.o
  CC      ipc/sem.o
  CC      security/keys/keyring.o
  AR      fs/devpts/built-in.a
  CC      fs/netfs/buffered_read.o
  CC      kernel/acct.o
  CC      fs/netfs/io.o
  CC      security/keys/keyctl.o
  CC      ipc/shm.o
  CC      kernel/crash_core.o
  CC      fs/netfs/iterator.o
  CC      kernel/kexec_core.o
  CC      security/keys/permission.o
  CC      fs/netfs/main.o
  CC      ipc/syscall.o
  CC      security/keys/process_keys.o
  CC      fs/netfs/objects.o
  CC      ipc/ipc_sysctl.o
  CC      kernel/kexec.o
  AR      fs/netfs/built-in.a
  CC      ipc/mqueue.o
  CC      fs/ext4/balloc.o
  CC      security/keys/request_key.o
  CC      kernel/kexec_file.o
  CC      security/keys/request_key_auth.o
  CC      kernel/compat.o
  CC      fs/ext4/bitmap.o
  CC      security/keys/user_defined.o
  CC      ipc/namespace.o
  CC      fs/ext4/block_validity.o
  CC      kernel/cgroup/cgroup.o
  CC      security/keys/compat.o
  CC      ipc/mq_sysctl.o
  AR      ipc/built-in.a
  CC      fs/ext2/balloc.o
  CC      fs/ext4/dir.o
  CC      security/keys/proc.o
  CC      security/keys/sysctl.o
  CC      fs/ext2/dir.o
  CC      fs/ext4/ext4_jbd2.o
  CC      security/keys/keyctl_pkey.o
  AR      security/keys/built-in.a
  CC      fs/ext4/extents.o
  CC      security/commoncap.o
  CC      fs/ext2/file.o
  CC      fs/ext2/ialloc.o
  CC      security/min_addr.o
  CC      kernel/cgroup/rstat.o
  CC      security/security.o
  CC      fs/ext2/inode.o
  CC      kernel/cgroup/namespace.o
  CC      kernel/cgroup/cgroup-v1.o
  CC      fs/ext2/ioctl.o
  CC      fs/ext4/extents_status.o
  CC      fs/ext2/namei.o
  CC      security/inode.o
  CC      kernel/cgroup/freezer.o
  CC      fs/ext2/super.o
  CC      security/lsm_audit.o
  CC      kernel/cgroup/legacy_freezer.o
  CC      fs/ext4/file.o
  CC      security/device_cgroup.o
  CC      kernel/cgroup/pids.o
  CC      fs/ext2/symlink.o
  CC      fs/ext4/fsmap.o
  CC      fs/ext2/trace.o
  CC      kernel/cgroup/cpuset.o
  CC      security/integrity/iint.o
  AR      fs/ext2/built-in.a
  CC      fs/jbd2/transaction.o
  CC      fs/ext4/fsync.o
  CC      security/integrity/integrity_audit.o
  CC      fs/ext4/hash.o
  AR      security/integrity/built-in.a
  AR      security/built-in.a
  CC      kernel/utsname.o
  CC      fs/squashfs/block.o
  CC      fs/jbd2/commit.o
  CC      fs/ext4/ialloc.o
  AR      kernel/cgroup/built-in.a
  CC      kernel/user_namespace.o
  CC      fs/squashfs/cache.o
  CC      fs/jbd2/recovery.o
  CC      kernel/pid_namespace.o
  CC      fs/squashfs/dir.o
  CC      fs/ext4/indirect.o
  CC      fs/squashfs/export.o
  CC      fs/jbd2/checkpoint.o
  UPD     kernel/config_data
  CC      kernel/stop_machine.o
  CC      fs/squashfs/file.o
  CC      fs/ext4/inline.o
  CC      fs/jbd2/revoke.o
  CC      kernel/audit.o
  CC      fs/squashfs/fragment.o
  CC      fs/squashfs/id.o
  CC      fs/jbd2/journal.o
  CC      fs/squashfs/inode.o
  CC      fs/ext4/inode.o
  CC      fs/squashfs/namei.o
  CC      kernel/auditfilter.o
  CC      fs/squashfs/super.o
  AR      fs/jbd2/built-in.a
  CC      crypto/api.o
  CC      fs/squashfs/symlink.o
  CC      kernel/auditsc.o
  CC      crypto/cipher.o
  CC      fs/squashfs/decompressor.o
  CC      crypto/compress.o
  CC      fs/squashfs/page_actor.o
  CC      crypto/algapi.o
  CC      fs/squashfs/file_cache.o
  CC      fs/ext4/ioctl.o
  CC      kernel/audit_watch.o
  CC      fs/squashfs/decompressor_single.o
  CC      crypto/scatterwalk.o
  CC      fs/squashfs/zlib_wrapper.o
  CC      kernel/audit_fsnotify.o
  CC      crypto/proc.o
  AR      fs/squashfs/built-in.a
  CC      fs/ext4/mballoc.o
  CC      kernel/audit_tree.o
  CC      block/bdev.o
  CC      crypto/aead.o
  CC      crypto/geniv.o
  CC      block/fops.o
  CC      kernel/seccomp.o
  CC      crypto/skcipher.o
  CC      block/bio.o
  CC      crypto/echainiv.o
  CC      kernel/utsname_sysctl.o
  CC      kernel/taskstats.o
  CC      crypto/ahash.o
  CC      block/elevator.o
  CC      fs/ext4/migrate.o
  CC      kernel/tsacct.o
  CC      crypto/shash.o
  CC      block/blk-core.o
  CC      fs/ext4/mmp.o
  CC      kernel/trace/trace_clock.o
  CC      crypto/akcipher.o
  AR      kernel/trace/built-in.a
  CC      kernel/irq_work.o
  CC      fs/ext4/move_extent.o
  CC      block/blk-sysfs.o
  CC      kernel/cpu_pm.o
  CC      crypto/sig.o
  CC      kernel/bpf/core.o
  CC      fs/ext4/namei.o
  CC      crypto/kpp.o
  CC      block/blk-flush.o
  ASN.1   crypto/rsapubkey.asn1.[ch]
  ASN.1   crypto/rsaprivkey.asn1.[ch]
  CC      crypto/rsa.o
  CC      block/blk-settings.o
  CC      crypto/rsa_helper.o
  CC      crypto/rsa-pkcs1pad.o
  CC      block/blk-ioc.o
  CC      crypto/acompress.o
  CC      kernel/bpf/syscall.o
  CC      block/blk-map.o
  CC      fs/ext4/page-io.o
  CC      crypto/scompress.o
  CC      block/blk-merge.o
  CC      fs/ext4/readpage.o
  CC      crypto/algboss.o
  CC      crypto/testmgr.o
  CC      fs/ext4/resize.o
  CC      block/blk-timeout.o
  CC      crypto/crypto_user_base.o
  CC      block/blk-lib.o
  CC      crypto/hmac.o
  CC      block/blk-mq.o
  CC      kernel/bpf/verifier.o
  CC      fs/ext4/super.o
  CC      crypto/crypto_null.o
  CC      crypto/sha1_generic.o
  CC      crypto/sha512_generic.o
  CC      crypto/sha3_generic.o
  CC      crypto/aes_generic.o
  CC      block/blk-mq-tag.o
  CC      crypto/crc32c_generic.o
  CC      fs/ext4/symlink.o
  CC      block/blk-stat.o
  CC      crypto/crct10dif_common.o
  CC      fs/ext4/sysfs.o
  CC      crypto/crct10dif_generic.o
  CC      block/blk-mq-sysfs.o
  CC      crypto/crc64_rocksoft_generic.o
  CC      fs/ext4/xattr.o
  CC      block/blk-mq-cpumap.o
  CC      crypto/rng.o
  CC      block/blk-mq-sched.o
  CC      crypto/ansi_cprng.o
  CC      crypto/drbg.o
  CC      block/ioctl.o
  CC      fs/ext4/xattr_hurd.o
  CC      crypto/jitterentropy.o
  CC      crypto/jitterentropy-kcapi.o
  CC      block/genhd.o
  CC      fs/ext4/xattr_trusted.o
  CC      crypto/asymmetric_keys/asymmetric_type.o
  CC      fs/ext4/xattr_user.o
  CC      crypto/asymmetric_keys/restrict.o
  CC      block/ioprio.o
  CC      crypto/asymmetric_keys/signature.o
  CC      fs/ext4/fast_commit.o
  CC      crypto/asymmetric_keys/public_key.o
  CC      block/badblocks.o
  ASN.1   crypto/asymmetric_keys/x509.asn1.[ch]
  ASN.1   crypto/asymmetric_keys/x509_akid.asn1.[ch]
  CC      crypto/asymmetric_keys/x509_loader.o
  CC      block/partitions/core.o
  CC      crypto/asymmetric_keys/x509_public_key.o
  CC      kernel/bpf/inode.o
  CC      fs/ext4/orphan.o
  ASN.1   crypto/asymmetric_keys/pkcs7.asn1.[ch]
  CC      crypto/asymmetric_keys/pkcs7_trust.o
  CC      block/partitions/msdos.o
  CC      crypto/asymmetric_keys/pkcs7_verify.o
  CC      kernel/bpf/helpers.o
  CC      crypto/asymmetric_keys/x509.asn1.o
  CC      crypto/asymmetric_keys/x509_akid.asn1.o
  CC      fs/ext4/acl.o
  CC      crypto/asymmetric_keys/x509_cert_parser.o
  CC      block/partitions/efi.o
  CC      crypto/asymmetric_keys/pkcs7.asn1.o
  CC      crypto/asymmetric_keys/pkcs7_parser.o
  AR      fs/ext4/built-in.a
  CC      fs/ramfs/inode.o
  AR      block/partitions/built-in.a
  CC      block/blk-rq-qos.o
  AR      crypto/asymmetric_keys/built-in.a
  CC      crypto/hash_info.o
  CC      crypto/rsapubkey.asn1.o
  CC      crypto/rsaprivkey.asn1.o
  AR      crypto/built-in.a
  CC      kernel/events/core.o
  CC      fs/ramfs/file-mmu.o
  CC      block/disk-events.o
  CC      kernel/bpf/tnum.o
  AR      fs/ramfs/built-in.a
  CC      fs/hugetlbfs/inode.o
  CC      kernel/bpf/log.o
  CC      block/blk-ia-ranges.o
  CC      kernel/bpf/bpf_iter.o
  CC      block/early-lookup.o
  AR      fs/hugetlbfs/built-in.a
  CC      fs/fat/cache.o
  CC      block/bsg.o
  CC      fs/fat/dir.o
  CC      kernel/bpf/map_iter.o
  CC      block/bsg-lib.o
  CC      kernel/bpf/task_iter.o
  CC      block/blk-cgroup.o
  CC      fs/fat/fatent.o
  CC      kernel/bpf/prog_iter.o
  CC      fs/fat/file.o
  CC      block/blk-cgroup-rwstat.o
  CC      kernel/bpf/link_iter.o
  CC      fs/fat/inode.o
  CC      block/mq-deadline.o
  CC      kernel/bpf/hashtab.o
  CC      kernel/events/ring_buffer.o
  CC      block/kyber-iosched.o
  CC      kernel/events/callchain.o
  CC      fs/fat/misc.o
  CC      kernel/events/hw_breakpoint.o
  CC      fs/fat/nfs.o
  CC      block/bfq-iosched.o
  CC      fs/fat/namei_vfat.o
  CC      kernel/bpf/arraymap.o
  AR      kernel/events/built-in.a
  CC      io_uring/io_uring.o
  AR      fs/fat/built-in.a
  CC      fs/nfs/client.o
  CC      kernel/bpf/percpu_freelist.o
  CC      kernel/bpf/bpf_lru_list.o
  CC      block/bfq-wf2q.o
  CC      kernel/bpf/lpm_trie.o
  CC      fs/nfs/dir.o
  CC      block/bfq-cgroup.o
  CC      kernel/bpf/map_in_map.o
  CC      io_uring/xattr.o
  CC      kernel/bpf/bloom_filter.o
  CC      block/bio-integrity.o
  CC      io_uring/nop.o
  CC      kernel/bpf/local_storage.o
  CC      fs/nfs/file.o
  CC      block/blk-integrity.o
  CC      io_uring/fs.o
  CC      io_uring/splice.o
  CC      block/t10-pi.o
  CC      kernel/bpf/queue_stack_maps.o
  CC      fs/nfs/getroot.o
  CC      io_uring/sync.o
  CC      kernel/bpf/ringbuf.o
  CC      block/blk-mq-pci.o
  CC      io_uring/advise.o
  CC      fs/nfs/inode.o
  CC      block/blk-mq-virtio.o
  CC      io_uring/filetable.o
  CC      kernel/bpf/bpf_local_storage.o
  CC      block/blk-mq-debugfs.o
  CC      io_uring/openclose.o
  CC      block/blk-pm.o
  CC      kernel/bpf/bpf_task_storage.o
  CC      fs/nfs/super.o
  CC      block/holder.o
  CC      io_uring/uring_cmd.o
  CC      kernel/bpf/disasm.o
  AR      block/built-in.a
  AS      arch/arm64/lib/clear_page.o
  AS      arch/arm64/lib/clear_user.o
  AS      arch/arm64/lib/copy_from_user.o
  AS      arch/arm64/lib/copy_page.o
  AS      arch/arm64/lib/copy_to_user.o
  CC      arch/arm64/lib/csum.o
  CC      io_uring/epoll.o
  CC      arch/arm64/lib/delay.o
  CC      kernel/bpf/mprog.o
  CC      fs/nfs/io.o
  CC      arch/arm64/lib/insn.o
  CC      io_uring/statx.o
  CC      kernel/bpf/trampoline.o
  CC      fs/nfs/direct.o
  AS      arch/arm64/lib/memchr.o
  AS      arch/arm64/lib/memcmp.o
  AS      arch/arm64/lib/memcpy.o
  CC      io_uring/net.o
  AS      arch/arm64/lib/memset.o
  AS      arch/arm64/lib/strchr.o
  AS      arch/arm64/lib/strcmp.o
  AS      arch/arm64/lib/strlen.o
  AS      arch/arm64/lib/strncmp.o
  AS      arch/arm64/lib/strnlen.o
  AS      arch/arm64/lib/strrchr.o
  AS      arch/arm64/lib/tishift.o
  AS      arch/arm64/lib/crc32.o
  AS      arch/arm64/lib/mte.o
  AR      arch/arm64/lib/lib.a
  AR      arch/arm64/lib/built-in.a
  CC      kernel/crash_dump.o
  CC      kernel/bpf/btf.o
  CC      fs/exportfs/expfs.o
  CC      fs/nfs/pagelist.o
  AR      fs/exportfs/built-in.a
  CC      kernel/bpf/memalloc.o
  CC      io_uring/msg_ring.o
  CC      io_uring/timeout.o
  CC      lib/argv_split.o
  CC      fs/nfs/read.o
  CC      lib/bug.o
  CC      io_uring/sqpoll.o
  CC      lib/buildid.o
  CC      fs/nfs/symlink.o
  CC      io_uring/fdinfo.o
  CC      lib/clz_tab.o
  CC      lib/cmdline.o
  CC      lib/cpumask.o
  CC      fs/nfs/unlink.o
  CC      lib/ctype.o
  CC      lib/dec_and_lock.o
  CC      io_uring/tctx.o
  CC      lib/decompress.o
  CC      lib/decompress_bunzip2.o
  CC      kernel/bpf/dispatcher.o
  CC      io_uring/poll.o
  CC      fs/nfs/write.o
  CC      lib/decompress_inflate.o
  CC      lib/decompress_unlz4.o
  CC      kernel/bpf/devmap.o
  CC      lib/decompress_unlzma.o
  CC      io_uring/cancel.o
  CC      lib/decompress_unlzo.o
  CC      io_uring/kbuf.o
  CC      fs/nfs/namespace.o
  CC      kernel/bpf/cpumap.o
  CC      lib/decompress_unxz.o
  CC      io_uring/rsrc.o
  CC      lib/decompress_unzstd.o
  CC      fs/nfs/mount_clnt.o
  CC      lib/dump_stack.o
  CC      kernel/bpf/offload.o
  CC      lib/earlycpio.o
  CC      lib/extable.o
  CC      fs/nfs/nfstrace.o
  CC      io_uring/rw.o
  CC      lib/fdt.o
  CC      lib/fdt_addresses.o
  CC      kernel/bpf/net_namespace.o
  CC      lib/fdt_empty_tree.o
  CC      lib/fdt_ro.o
  CC      fs/nfs/export.o
  CC      lib/fdt_rw.o
  CC      lib/fdt_strerror.o
  CC      lib/fdt_sw.o
  CC      io_uring/opdef.o
  CC      kernel/bpf/tcx.o
  CC      lib/fdt_wip.o
  CC      fs/nfs/sysfs.o
  CC      lib/flex_proportions.o
  CC      lib/idr.o
  CC      io_uring/notif.o
  CC      kernel/bpf/stackmap.o
  CC      lib/irq_regs.o
  CC      fs/nfs/fs_context.o
  CC      lib/is_single_threaded.o
  CC      lib/klist.o
  CC      io_uring/io-wq.o
  CC      lib/kobject.o
  CC      kernel/bpf/cgroup_iter.o
  CC      fs/nfs/nfsroot.o
  CC      lib/kobject_uevent.o
  CC      kernel/bpf/bpf_cgrp_storage.o
  AR      io_uring/built-in.a
  CC      kernel/jump_label.o
  CC      fs/nfs/sysctl.o
  CC      lib/logic_pio.o
  CC      fs/lockd/clntlock.o
  CC      kernel/bpf/cgroup.o
  CC      fs/nfs/nfs2super.o
  CC      lib/maple_tree.o
  CC      fs/lockd/clntproc.o
  CC      fs/nfs/proc.o
  CC      kernel/bpf/reuseport_array.o
  CC      fs/lockd/clntxdr.o
  CC      fs/nfs/nfs2xdr.o
  CC      kernel/bpf/bpf_struct_ops.o
  CC      fs/lockd/host.o
  CC      fs/nfs/nfs3super.o
  CC      fs/lockd/svc.o
  CC      kernel/bpf/cpumask.o
  CC      fs/nfs/nfs3client.o
  CC      kernel/bpf/relo_core.o
  CC      fs/nfs/nfs3proc.o
  CC      fs/lockd/svclock.o
  CC      lib/memcat_p.o
  CC      lib/nmi_backtrace.o
  CC      lib/plist.o
  CC      lib/radix-tree.o
  AR      kernel/bpf/built-in.a
  CC      kernel/context_tracking.o
  CC      fs/nfs/nfs3xdr.o
  CC      fs/lockd/svcshare.o
  CC      kernel/iomem.o
  CC      lib/ratelimit.o
  CC      fs/lockd/svcproc.o
  CC      kernel/rseq.o
  CC      lib/rbtree.o
  CC      fs/nfs/nfs4proc.o
  CC      lib/seq_buf.o
  GZIP    kernel/config_data.gz
  CC      kernel/configs.o
  CC      fs/lockd/svcsubs.o
  CC      lib/siphash.o
  AR      kernel/built-in.a
  CC      fs/nls/nls_base.o
  CC      lib/string.o
  CC      fs/nls/nls_cp437.o
  CC      fs/lockd/mon.o
  CC      lib/timerqueue.o
  CC      fs/nls/nls_iso8859-1.o
  CC      lib/vsprintf.o
  AR      fs/nls/built-in.a
  CC      fs/nfs/nfs4xdr.o
  CC      fs/lockd/trace.o
  CC      fs/lockd/xdr.o
  CC      lib/win_minmax.o
  CC      fs/lockd/clnt4xdr.o
  CC      lib/xarray.o
  AR      drivers/cache/built-in.a
  CC      drivers/irqchip/irqchip.o
  CC      fs/lockd/xdr4.o
  CC      drivers/irqchip/irq-alpine-msi.o
  CC      lib/lockref.o
  CC      fs/nfs/nfs4state.o
  CC      fs/lockd/svc4proc.o
  CC      drivers/irqchip/irq-bcm2835.o
  CC      lib/bcd.o
  CC      lib/sort.o
  CC      lib/parser.o
  CC      lib/debug_locks.o
  CC      drivers/irqchip/irq-bcm2836.o
  CC      lib/random32.o
  CC      fs/lockd/procfs.o
  CC      lib/bust_spinlocks.o
  CC      drivers/irqchip/irq-owl-sirq.o
  AR      fs/lockd/built-in.a
  CC      sound/sound_core.o
  CC      lib/kasprintf.o
  CC      lib/bitmap.o
  CC      sound/core/sound.o
  CC      drivers/irqchip/irq-tegra.o
  CC      fs/nfs/nfs4renewd.o
  CC      sound/core/init.o
  CC      drivers/irqchip/irq-dw-apb-ictl.o
  CC      fs/nfs/nfs4super.o
  CC      lib/scatterlist.o
  CC      sound/core/memory.o
  CC      drivers/irqchip/irq-sun6i-r.o
  CC      sound/core/control.o
  CC      fs/nfs/nfs4file.o
  CC      drivers/irqchip/irq-sunxi-nmi.o
  CC      lib/list_sort.o
  CC      lib/uuid.o
  CC      lib/iov_iter.o
  CC      drivers/irqchip/irq-gic.o
  CC      fs/nfs/delegation.o
  CC      sound/core/misc.o
  CC      drivers/irqchip/irq-gic-common.o
  CC      drivers/irqchip/irq-gic-pm.o
  CC      sound/core/device.o
  CC      lib/clz_ctz.o
  CC      lib/bsearch.o
  CC      fs/nfs/nfs4idmap.o
  CC      drivers/irqchip/irq-gic-v2m.o
  CC      sound/core/info.o
  CC      lib/find_bit.o
  CC      lib/llist.o
  CC      drivers/irqchip/irq-gic-v3.o
  CC      lib/memweight.o
  CC      sound/core/vmaster.o
  CC      lib/kfifo.o
  CC      fs/nfs/callback.o
  CC      sound/core/ctljack.o
  CC      lib/percpu-refcount.o
  CC      sound/core/jack.o
  CC      fs/nfs/callback_xdr.o
  CC      drivers/irqchip/irq-gic-v3-mbi.o
  CC      lib/rhashtable.o
  CC      sound/core/timer.o
  CC      drivers/irqchip/irq-gic-v3-its.o
  CC      fs/nfs/callback_proc.o
  CC      lib/base64.o
  CC      lib/once.o
  CC      lib/refcount.o
  CC      sound/core/pcm.o
  CC      lib/rcuref.o
  CC      fs/nfs/nfs4namespace.o
  CC      lib/usercopy.o
  CC      lib/errseq.o
  CC      lib/bucket_locks.o
  CC      sound/core/pcm_native.o
  CC      lib/generic-radix-tree.o
  CC      fs/nfs/nfs4getroot.o
  CC      lib/string_helpers.o
  CC      drivers/irqchip/irq-gic-v3-its-platform-msi.o
  CC      fs/nfs/nfs4client.o
  CC      drivers/irqchip/irq-gic-v4.o
  CC      lib/hexdump.o
  CC      lib/kstrtox.o
  CC      drivers/irqchip/irq-gic-v3-its-pci-msi.o
  CC      lib/debug_info.o
  CC      fs/nfs/nfs4session.o
  CC      drivers/irqchip/irq-gic-v3-its-fsl-mc-msi.o
  CC      sound/core/pcm_lib.o
  CC      drivers/irqchip/irq-partition-percpu.o
  CC      lib/math/div64.o
  CC      lib/math/gcd.o
  CC      lib/math/lcm.o
  CC      lib/math/int_log.o
  CC      fs/nfs/dns_resolve.o
  CC      lib/math/int_pow.o
  CC      lib/math/int_sqrt.o
  CC      lib/math/reciprocal_div.o
  CC      drivers/irqchip/irq-mbigen.o
  CC      lib/math/rational.o
  AR      lib/math/built-in.a
  CC      lib/crypto/memneq.o
  CC      sound/core/pcm_misc.o
  CC      fs/nfs/nfs4trace.o
  CC      drivers/irqchip/irq-renesas-irqc.o
  CC      lib/crypto/utils.o
  CC      sound/core/pcm_memory.o
  CC      drivers/irqchip/irq-renesas-rzg2l.o
  CC      lib/crypto/chacha.o
  CC      fs/nfs/nfs4sysctl.o
  CC      lib/crypto/aes.o
  CC      sound/core/memalloc.o
  CC      drivers/irqchip/irq-bcm7038-l1.o
  CC      lib/crypto/gf128mul.o
  CC      fs/nfs/pnfs.o
  CC      sound/core/pcm_timer.o
  CC      drivers/irqchip/irq-bcm7120-l2.o
  CC      lib/crypto/blake2s.o
  CC      sound/core/pcm_drm_eld.o
  CC      lib/crypto/blake2s-generic.o
  CC      drivers/irqchip/irq-brcmstb-l2.o
  CC      lib/crypto/sha1.o
  CC      sound/core/pcm_iec958.o
  CC      drivers/irqchip/irq-mtk-sysirq.o
  CC      lib/crypto/mpi/generic_mpih-lshift.o
  CC      sound/core/pcm_dmaengine.o
  CC      lib/crypto/mpi/generic_mpih-mul1.o
  CC      drivers/irqchip/irq-mtk-cirq.o
  CC      fs/nfs/pnfs_dev.o
  CC      sound/core/compress_offload.o
  CC      lib/crypto/mpi/generic_mpih-mul2.o
  CC      drivers/irqchip/irq-imx-gpcv2.o
  CC      lib/crypto/mpi/generic_mpih-mul3.o
  AR      sound/core/built-in.a
  CC      fs/nfs/pnfs_nfs.o
  AR      sound/i2c/other/built-in.a
  AR      sound/i2c/built-in.a
  AR      sound/drivers/opl3/built-in.a
  AR      sound/drivers/opl4/built-in.a
  AR      sound/drivers/mpu401/built-in.a
  AR      sound/drivers/vx/built-in.a
  AR      sound/drivers/pcsp/built-in.a
  AR      sound/drivers/built-in.a
  AR      sound/isa/ad1816a/built-in.a
  AR      sound/isa/ad1848/built-in.a
  AR      sound/isa/cs423x/built-in.a
  CC      drivers/irqchip/irq-mvebu-gicp.o
  AR      sound/isa/es1688/built-in.a
  AR      sound/isa/galaxy/built-in.a
  AR      sound/isa/gus/built-in.a
  AR      sound/isa/msnd/built-in.a
  AR      sound/isa/opti9xx/built-in.a
  AR      sound/isa/sb/built-in.a
  AR      sound/isa/wavefront/built-in.a
  CC      lib/crypto/mpi/generic_mpih-rshift.o
  AR      sound/isa/wss/built-in.a
  AR      sound/isa/built-in.a
  AR      sound/pci/ac97/built-in.a
  AR      sound/pci/ali5451/built-in.a
  AR      sound/pci/asihpi/built-in.a
  AR      sound/pci/au88x0/built-in.a
  AR      sound/pci/aw2/built-in.a
  AR      sound/pci/ctxfi/built-in.a
  AR      sound/pci/ca0106/built-in.a
  AR      sound/pci/cs46xx/built-in.a
  AR      sound/pci/cs5535audio/built-in.a
  AR      sound/pci/lola/built-in.a
  AR      sound/pci/lx6464es/built-in.a
  AR      sound/pci/echoaudio/built-in.a
  AR      sound/pci/emu10k1/built-in.a
  AR      sound/pci/hda/built-in.a
  AR      sound/pci/ice1712/built-in.a
  AR      sound/pci/korg1212/built-in.a
  AR      sound/pci/mixart/built-in.a
  AR      sound/pci/nm256/built-in.a
  AR      sound/pci/oxygen/built-in.a
  AR      sound/pci/pcxhr/built-in.a
  AR      sound/pci/riptide/built-in.a
  AR      sound/pci/rme9652/built-in.a
  AR      sound/pci/trident/built-in.a
  AR      sound/pci/ymfpci/built-in.a
  AR      sound/pci/vx222/built-in.a
  AR      sound/pci/built-in.a
  AR      sound/ppc/built-in.a
  AR      sound/arm/built-in.a
  AR      sound/sh/built-in.a
  AR      sound/synth/built-in.a
  CC      drivers/irqchip/irq-mvebu-icu.o
  AR      sound/usb/misc/built-in.a
  AR      sound/usb/usx2y/built-in.a
  CC      lib/crypto/mpi/generic_mpih-sub1.o
  AR      sound/usb/caiaq/built-in.a
  AR      sound/usb/6fire/built-in.a
  AR      sound/usb/hiface/built-in.a
  AR      sound/usb/bcd2000/built-in.a
  AR      sound/usb/built-in.a
  AR      sound/firewire/built-in.a
  AR      sound/sparc/built-in.a
  AR      sound/spi/built-in.a
  AR      sound/parisc/built-in.a
  AR      sound/pcmcia/vx/built-in.a
  AR      sound/pcmcia/pdaudiocf/built-in.a
  AR      sound/pcmcia/built-in.a
  AR      sound/mips/built-in.a
  CC      sound/soc/soc-core.o
  CC      lib/crypto/mpi/generic_mpih-add1.o
  CC      fs/nfs/nfs42proc.o
  CC      drivers/irqchip/irq-mvebu-odmi.o
  CC      lib/crypto/mpi/ec.o
  CC      drivers/irqchip/irq-mvebu-pic.o
  CC      drivers/irqchip/irq-mvebu-sei.o
  CC      lib/crypto/mpi/mpicoder.o
  CC      sound/soc/soc-dapm.o
  CC      fs/nfs/nfs42xattr.o
  CC      drivers/irqchip/irq-ls-extirq.o
  CC      lib/crypto/mpi/mpi-add.o
  CC      drivers/irqchip/irq-ls-scfg-msi.o
  CC      lib/crypto/mpi/mpi-bit.o
  CC      fs/nfs/filelayout/filelayout.o
  CC      drivers/irqchip/qcom-irq-combiner.o
  CC      lib/crypto/mpi/mpi-cmp.o
  CC      lib/crypto/mpi/mpi-sub-ui.o
  CC      sound/soc/soc-jack.o
  CC      drivers/irqchip/irq-uniphier-aidet.o
  CC      fs/nfs/filelayout/filelayoutdev.o
  CC      lib/crypto/mpi/mpi-div.o
  CC      drivers/irqchip/irq-sni-exiu.o
  CC      sound/soc/soc-utils.o
  CC      lib/crypto/mpi/mpi-inv.o
  AR      fs/nfs/filelayout/built-in.a
  CC      fs/nfs/flexfilelayout/flexfilelayout.o
  CC      drivers/irqchip/irq-meson-gpio.o
  CC      sound/soc/soc-dai.o
  CC      lib/crypto/mpi/mpi-mod.o
  CC      drivers/irqchip/qcom-pdc.o
  CC      lib/crypto/mpi/mpi-mul.o
  CC      sound/soc/soc-component.o
  CC      lib/crypto/mpi/mpih-cmp.o
  CC      drivers/irqchip/irq-qcom-mpm.o
  CC      fs/nfs/flexfilelayout/flexfilelayoutdev.o
  CC      lib/crypto/mpi/mpih-div.o
  CC      sound/soc/soc-pcm.o
  CC      drivers/irqchip/irq-imx-irqsteer.o
  CC      lib/crypto/mpi/mpih-mul.o
  CC      drivers/irqchip/irq-imx-intmux.o
  AR      fs/nfs/flexfilelayout/built-in.a
  AR      fs/nfs/built-in.a
  AR      fs/unicode/built-in.a
  CC      fs/autofs/init.o
  CC      lib/crypto/mpi/mpi-pow.o
  CC      drivers/irqchip/irq-ti-sci-intr.o
  CC      fs/autofs/inode.o
  CC      lib/crypto/mpi/mpiutil.o
  CC      drivers/irqchip/irq-ti-sci-inta.o
  CC      sound/soc/soc-devres.o
  CC      fs/autofs/root.o
  AR      lib/crypto/mpi/built-in.a
  AR      lib/crypto/built-in.a
  CC      lib/pci_iomap.o
  CC      sound/soc/soc-ops.o
  CC      fs/autofs/symlink.o
  CC      drivers/irqchip/irq-mst-intc.o
  CC      lib/iomap_copy.o
  CC      fs/autofs/waitq.o
  CC      sound/soc/soc-link.o
  CC      drivers/irqchip/irq-sl28cpld.o
  CC      lib/devres.o
  CC      fs/autofs/expire.o
  CC      drivers/irqchip/irq-apple-aic.o
  CC      sound/soc/soc-card.o
  CC      lib/hweight.o
  CC      lib/interval_tree.o
  CC      fs/autofs/dev-ioctl.o
  CC      lib/assoc_array.o
  CC      sound/soc/soc-topology.o
  AR      fs/autofs/built-in.a
  AR      drivers/irqchip/built-in.a
  CC      fs/9p/vfs_super.o
  CC      drivers/bus/arm-cci.o
  CC      lib/bitrev.o
  CC      lib/linear_ranges.o
  CC      drivers/bus/hisi_lpc.o
  CC      fs/9p/vfs_inode.o
  CC      lib/packing.o
  CC      sound/soc/soc-generic-dmaengine-pcm.o
  CC      drivers/bus/brcmstb_gisb.o
  CC      lib/crc16.o
  CC      lib/crc-t10dif.o
  CC      fs/9p/vfs_inode_dotl.o
  CC      sound/soc/soc-compress.o
  CC      drivers/bus/fsl-mc/fsl-mc-bus.o
  CC      lib/crc-itu-t.o
  AR      sound/soc/codecs/built-in.a
  HOSTCC  lib/gen_crc32table
  AR      sound/soc/generic/built-in.a
  CC      sound/soc/apple/mca.o
  HOSTCC  lib/gen_crc64table
  CC      fs/9p/vfs_addr.o
  CC      lib/crc7.o
  CC      drivers/bus/fsl-mc/mc-sys.o
  CC      lib/crc8.o
  CC      drivers/bus/fsl-mc/mc-io.o
  CC      fs/9p/vfs_file.o
  CC      lib/crc64-rocksoft.o
  AR      sound/soc/apple/built-in.a
  AR      sound/soc/adi/built-in.a
  AR      sound/soc/amd/built-in.a
  AR      sound/soc/atmel/built-in.a
  AR      sound/soc/au1x/built-in.a
  AR      sound/soc/bcm/built-in.a
  AR      sound/soc/cirrus/built-in.a
  AR      sound/soc/dwc/built-in.a
  AR      sound/soc/fsl/built-in.a
  AR      sound/soc/google/built-in.a
  AR      sound/soc/hisilicon/built-in.a
  AR      sound/soc/jz4740/built-in.a
  AR      sound/soc/loongson/built-in.a
  AR      sound/soc/img/built-in.a
  AR      sound/soc/intel/common/built-in.a
  AR      sound/soc/intel/boards/built-in.a
  AR      sound/soc/intel/built-in.a
  AR      sound/soc/mediatek/built-in.a
  CC      drivers/bus/fsl-mc/dpbp.o
  AR      sound/soc/meson/built-in.a
  AR      sound/soc/mxs/built-in.a
  AR      sound/soc/kirkwood/built-in.a
  AR      sound/soc/pxa/built-in.a
  AR      sound/soc/qcom/built-in.a
  AR      sound/soc/rockchip/built-in.a
  CC      sound/soc/samsung/dmaengine.o
  CC      lib/xxhash.o
  CC      fs/9p/vfs_dir.o
  CC      drivers/bus/fsl-mc/dpcon.o
  AR      sound/soc/samsung/built-in.a
  AR      sound/soc/sh/built-in.a
  AR      sound/soc/sof/built-in.a
  AR      sound/soc/spear/built-in.a
  CC      lib/genalloc.o
  AR      sound/soc/sprd/built-in.a
  AR      sound/soc/starfive/built-in.a
  AR      sound/soc/sti/built-in.a
  AR      sound/soc/stm/built-in.a
  AR      sound/soc/sunxi/built-in.a
  AR      sound/soc/tegra/built-in.a
  AR      sound/soc/ti/built-in.a
  AR      sound/soc/uniphier/built-in.a
  AR      sound/soc/ux500/built-in.a
  AR      sound/soc/xilinx/built-in.a
  AR      sound/soc/xtensa/built-in.a
  AR      sound/soc/built-in.a
  AR      sound/atmel/built-in.a
  AR      sound/hda/built-in.a
  AR      sound/x86/built-in.a
  AR      sound/xen/built-in.a
  AR      sound/virtio/built-in.a
  CC      sound/last.o
  CC      fs/9p/vfs_dentry.o
  CC      drivers/bus/fsl-mc/dprc.o
  AR      sound/built-in.a
  AR      fs/hostfs/built-in.a
  CC      fs/9p/v9fs.o
  CC      lib/zlib_inflate/inffast.o
  CC      fs/debugfs/inode.o
  CC      drivers/bus/fsl-mc/dprc-driver.o
  CC      lib/zlib_inflate/inflate.o
  CC      fs/9p/fid.o
  CC      lib/zlib_inflate/infutil.o
  CC      drivers/bus/fsl-mc/fsl-mc-allocator.o
  CC      fs/debugfs/file.o
  CC      lib/zlib_inflate/inftrees.o
  CC      lib/zlib_inflate/inflate_syms.o
  CC      fs/9p/xattr.o
  CC      drivers/bus/fsl-mc/fsl-mc-msi.o
  AR      lib/zlib_inflate/built-in.a
  CC      lib/zlib_deflate/deflate.o
  AR      fs/debugfs/built-in.a
  CC      net/devres.o
  AR      fs/9p/built-in.a
  CC      fs/pstore/inode.o
  CC      drivers/bus/fsl-mc/dpmcp.o
  CC      drivers/bus/fsl-mc/obj-api.o
  CC      net/socket.o
  CC      lib/zlib_deflate/deftree.o
  CC      fs/pstore/platform.o
  AR      drivers/bus/fsl-mc/built-in.a
  CC      drivers/bus/qcom-ebi2.o
  CC      lib/zlib_deflate/deflate_syms.o
  AR      fs/pstore/built-in.a
  CC      fs/efivarfs/inode.o
  CC      drivers/bus/sun50i-de2.o
  AR      lib/zlib_deflate/built-in.a
  CC      lib/lzo/lzo1x_compress.o
  CC      fs/efivarfs/file.o
  CC      drivers/bus/sunxi-rsb.o
  CC      lib/lzo/lzo1x_decompress_safe.o
  CC      fs/efivarfs/super.o
  AR      lib/lzo/built-in.a
  CC      lib/lz4/lz4_decompress.o
  CC      drivers/bus/simple-pm-bus.o
  CC      net/core/sock.o
  CC      fs/efivarfs/vars.o
  CC      drivers/bus/ti-sysc.o
  AR      fs/efivarfs/built-in.a
  AR      fs/built-in.a
  CC      drivers/phy/phy-core.o
  AR      lib/lz4/built-in.a
  CC      lib/zstd/zstd_decompress_module.o
  CC      drivers/bus/uniphier-system-bus.o
  CC      lib/zstd/decompress/huf_decompress.o
  CC      drivers/phy/phy-core-mipi-dphy.o
  CC      drivers/bus/vexpress-config.o
  CC      drivers/phy/phy-xgene.o
  AR      drivers/bus/mhi/built-in.a
  AR      drivers/bus/built-in.a
  CC      net/core/request_sock.o
  CC      net/compat.o
  CC      lib/zstd/decompress/zstd_ddict.o
  CC      lib/zstd/decompress/zstd_decompress.o
  CC      net/core/skbuff.o
  CC      drivers/phy/allwinner/phy-sun4i-usb.o
  CC      lib/zstd/decompress/zstd_decompress_block.o
  CC      drivers/pinctrl/core.o
  AR      drivers/phy/allwinner/built-in.a
  CC      drivers/phy/amlogic/phy-meson8b-usb2.o
  CC      drivers/phy/amlogic/phy-meson-gxl-usb2.o
  CC      drivers/pinctrl/pinctrl-utils.o
  CC      lib/zstd/zstd_common_module.o
  CC      drivers/pinctrl/pinmux.o
  CC      lib/zstd/common/debug.o
  CC      drivers/phy/amlogic/phy-meson-g12a-usb2.o
  CC      lib/zstd/common/entropy_common.o
  CC      lib/zstd/common/error_private.o
  CC      lib/zstd/common/fse_decompress.o
  CC      drivers/pinctrl/pinconf.o
  CC      lib/zstd/common/zstd_common.o
  CC      drivers/phy/amlogic/phy-meson-g12a-usb3-pcie.o
  AR      lib/zstd/built-in.a
  CC      lib/xz/xz_dec_syms.o
  CC      drivers/pinctrl/pinconf-generic.o
  CC      lib/xz/xz_dec_stream.o
  CC      drivers/phy/amlogic/phy-meson-g12a-mipi-dphy-analog.o
  CC      drivers/pinctrl/devicetree.o
  CC      lib/xz/xz_dec_lzma2.o
  CC      net/core/datagram.o
  CC      drivers/pinctrl/pinctrl-max77620.o
  CC      drivers/phy/amlogic/phy-meson-axg-pcie.o
  CC      lib/xz/xz_dec_bcj.o
  CC      drivers/pinctrl/pinctrl-rockchip.o
  CC      drivers/phy/amlogic/phy-meson-axg-mipi-pcie-analog.o
  AR      lib/xz/built-in.a
  CC      lib/percpu_counter.o
  CC      net/core/stream.o
  CC      lib/audit.o
  CC      drivers/phy/amlogic/phy-meson-axg-mipi-dphy.o
  CC      lib/compat_audit.o
  CC      lib/syscall.o
  AR      drivers/phy/amlogic/built-in.a
  CC      drivers/pinctrl/pinctrl-single.o
  CC      drivers/phy/broadcom/phy-bcm-ns2-pcie.o
  CC      net/core/scm.o
  CC      lib/errname.o
  CC      lib/nlattr.o
  CC      drivers/phy/broadcom/phy-bcm-ns2-usbdrd.o
  CC      drivers/pinctrl/pinctrl-zynqmp.o
  CC      net/core/gen_stats.o
  CC      lib/checksum.o
  CC      drivers/phy/broadcom/phy-brcm-sata.o
  CC      drivers/pinctrl/actions/pinctrl-owl.o
  CC      lib/cpu_rmap.o
  CC      net/core/gen_estimator.o
  CC      drivers/phy/broadcom/phy-brcm-usb.o
  CC      lib/dynamic_queue_limits.o
  CC      lib/glob.o
  CC      drivers/pinctrl/actions/pinctrl-s700.o
  CC      lib/dim/dim.o
  CC      net/core/net_namespace.o
  CC      drivers/phy/broadcom/phy-brcm-usb-init.o
  CC      drivers/pinctrl/actions/pinctrl-s900.o
  CC      lib/dim/net_dim.o
  AR      drivers/pinctrl/actions/built-in.a
  CC      drivers/pinctrl/bcm/pinctrl-bcm2835.o
  CC      drivers/phy/broadcom/phy-brcm-usb-init-synopsys.o
  CC      lib/dim/rdma_dim.o
  CC      drivers/phy/broadcom/phy-bcm-sr-pcie.o
  AR      lib/dim/built-in.a
  CC      lib/strncpy_from_user.o
  CC      net/core/secure_seq.o
  CC      drivers/pinctrl/bcm/pinctrl-bcm4908.o
  CC      drivers/phy/broadcom/phy-bcm-sr-usb.o
  CC      lib/strnlen_user.o
  CC      drivers/pinctrl/bcm/pinctrl-iproc-gpio.o
  CC      lib/net_utils.o
  CC      net/core/flow_dissector.o
  AR      drivers/phy/broadcom/built-in.a
  AR      drivers/phy/cadence/built-in.a
  CC      drivers/phy/freescale/phy-fsl-imx8mq-usb.o
  CC      drivers/pinctrl/bcm/pinctrl-ns2-mux.o
  CC      lib/sg_split.o
  CC      drivers/phy/freescale/phy-fsl-imx8m-pcie.o
  CC      lib/sg_pool.o
  AR      drivers/pinctrl/bcm/built-in.a
  AR      drivers/pinctrl/cirrus/built-in.a
  CC      drivers/pinctrl/freescale/pinctrl-imx.o
  AR      drivers/phy/freescale/built-in.a
  CC      drivers/phy/hisilicon/phy-hi6220-usb.o
  CC      lib/memregion.o
  CC      net/core/sysctl_net_core.o
  CC      lib/irq_poll.o
  CC      drivers/pinctrl/freescale/pinctrl-scu.o
  CC      drivers/phy/hisilicon/phy-histb-combphy.o
  CC      drivers/pinctrl/freescale/pinctrl-imx8mm.o
  CC      lib/stackdepot.o
  CC      drivers/phy/hisilicon/phy-hisi-inno-usb2.o
  CC      drivers/pinctrl/freescale/pinctrl-imx8mn.o
  CC      net/core/dev.o
  CC      lib/asn1_decoder.o
  CC      drivers/pinctrl/freescale/pinctrl-imx8mp.o
  AR      drivers/phy/hisilicon/built-in.a
  AR      drivers/phy/ingenic/built-in.a
  AR      drivers/phy/intel/built-in.a
  AR      drivers/phy/lantiq/built-in.a
  CC      drivers/phy/marvell/phy-mvebu-a3700-comphy.o
  CC      drivers/pinctrl/freescale/pinctrl-imx8mq.o
  CC      lib/fonts/fonts.o
  CC      drivers/pinctrl/freescale/pinctrl-imx8qm.o
  CC      lib/fonts/font_8x8.o
  CC      lib/fonts/font_8x16.o
  CC      drivers/phy/marvell/phy-mvebu-a3700-utmi.o
  CC      drivers/pinctrl/freescale/pinctrl-imx8qxp.o
  AR      lib/fonts/built-in.a
  GEN     lib/oid_registry_data.c
  CC      lib/ucs2_string.o
  CC      drivers/pinctrl/freescale/pinctrl-imx8dxl.o
  CC      lib/sbitmap.o
  CC      drivers/phy/marvell/phy-mvebu-cp110-comphy.o
  CC      drivers/pinctrl/freescale/pinctrl-imx8ulp.o
  CC      lib/group_cpus.o
  CC      drivers/pinctrl/freescale/pinctrl-imx93.o
  AR      drivers/phy/marvell/built-in.a
  CC      drivers/phy/mediatek/phy-mtk-tphy.o
  AR      drivers/pinctrl/freescale/built-in.a
  CC      drivers/pinctrl/mediatek/mtk-eint.o
  CC      lib/devmem_is_allowed.o
  AR      lib/lib.a
  GEN     lib/crc32table.h
  GEN     lib/crc64table.h
  CC      lib/oid_registry.o
  CC      drivers/pinctrl/mediatek/pinctrl-mtk-common.o
  CC      lib/crc32.o
  AR      drivers/phy/mediatek/built-in.a
  AR      drivers/phy/microchip/built-in.a
  AR      drivers/phy/motorola/built-in.a
  AR      drivers/phy/mscc/built-in.a
  AR      drivers/phy/qualcomm/built-in.a
  AR      drivers/phy/ralink/built-in.a
  AR      drivers/phy/realtek/built-in.a
  CC      drivers/phy/renesas/r8a779f0-ether-serdes.o
  CC      drivers/pinctrl/mediatek/pinctrl-mtk-common-v2.o
  CC      lib/crc64.o
  CC      drivers/phy/renesas/phy-rcar-gen3-pcie.o
  AR      lib/built-in.a
  CC      drivers/phy/renesas/phy-rcar-gen3-usb2.o
  CC      drivers/pinctrl/mediatek/pinctrl-moore.o
  CC      virt/lib/irqbypass.o
  AR      drivers/phy/renesas/built-in.a
  CC      drivers/phy/rockchip/phy-rockchip-emmc.o
  CC      drivers/pinctrl/mediatek/pinctrl-paris.o
  AR      virt/lib/built-in.a
  AR      virt/built-in.a
  CC      net/ethernet/eth.o
  CC      net/core/dev_addr_lists.o
  CC      drivers/phy/rockchip/phy-rockchip-inno-usb2.o
  CC      drivers/pinctrl/mediatek/pinctrl-mt2712.o
  AR      net/ethernet/built-in.a
  CC      drivers/gpio/gpiolib.o
  CC      net/core/dst.o
  CC      drivers/pinctrl/mediatek/pinctrl-mt6765.o
  CC      drivers/phy/rockchip/phy-rockchip-snps-pcie3.o
  CC      drivers/pinctrl/mediatek/pinctrl-mt6779.o
  CC      net/core/netevent.o
  CC      drivers/pinctrl/mediatek/pinctrl-mt6795.o
  CC      drivers/phy/rockchip/phy-rockchip-typec.o
  CC      drivers/pinctrl/mediatek/pinctrl-mt6797.o
  CC      net/core/neighbour.o
  AR      drivers/phy/rockchip/built-in.a
  CC      drivers/phy/samsung/phy-exynos-dp-video.o
  CC      drivers/pinctrl/mediatek/pinctrl-mt7622.o
  CC      drivers/gpio/gpiolib-devres.o
  CC      drivers/pinctrl/mediatek/pinctrl-mt7981.o
  CC      drivers/phy/samsung/phy-exynos-mipi-video.o
  CC      drivers/gpio/gpiolib-legacy.o
  CC      drivers/pinctrl/mediatek/pinctrl-mt7986.o
  CC      drivers/gpio/gpiolib-of.o
  CC      drivers/phy/samsung/phy-samsung-ufs.o
  CC      drivers/pinctrl/mediatek/pinctrl-mt8167.o
  CC      drivers/gpio/gpiolib-cdev.o
  CC      drivers/phy/samsung/phy-exynos7-ufs.o
  CC      drivers/pinctrl/mediatek/pinctrl-mt8173.o
  CC      drivers/pinctrl/mediatek/pinctrl-mt8183.o
  CC      drivers/phy/samsung/phy-exynosautov9-ufs.o
  CC      net/core/rtnetlink.o
  CC      drivers/pinctrl/mediatek/pinctrl-mt8186.o
  CC      drivers/phy/samsung/phy-fsd-ufs.o
  CC      drivers/pinctrl/mediatek/pinctrl-mt8188.o
  CC      drivers/gpio/gpiolib-acpi.o
  CC      drivers/phy/samsung/phy-samsung-usb2.o
  CC      drivers/pinctrl/mediatek/pinctrl-mt8192.o
  CC      drivers/phy/samsung/phy-exynos5-usbdrd.o
  CC      drivers/pinctrl/mediatek/pinctrl-mt8195.o
  CC      drivers/gpio/gpiolib-swnode.o
  CC      drivers/pinctrl/mediatek/pinctrl-mt8365.o
  CC      drivers/gpio/gpio-mmio.o
  AR      drivers/phy/samsung/built-in.a
  CC      drivers/phy/socionext/phy-uniphier-usb2.o
  CC      drivers/pinctrl/mediatek/pinctrl-mt8516.o
  CC      drivers/phy/socionext/phy-uniphier-usb3hs.o
  CC      drivers/gpio/gpio-xgs-iproc.o
  CC      drivers/pinctrl/mediatek/pinctrl-mt6397.o
  CC      net/core/utils.o
  CC      drivers/gpio/gpio-brcmstb.o
  AR      drivers/pinctrl/mediatek/built-in.a
  CC      drivers/pinctrl/meson/pinctrl-meson.o
  CC      drivers/phy/socionext/phy-uniphier-usb3ss.o
  CC      drivers/gpio/gpio-davinci.o
  CC      drivers/phy/socionext/phy-uniphier-ahci.o
  CC      drivers/pinctrl/meson/pinctrl-meson8-pmx.o
  CC      net/core/link_watch.o
  CC      drivers/pinctrl/meson/pinctrl-meson-gxbb.o
  CC      drivers/gpio/gpio-dwapb.o
  AR      drivers/phy/socionext/built-in.a
  AR      drivers/phy/st/built-in.a
  AR      drivers/phy/starfive/built-in.a
  AR      drivers/phy/sunplus/built-in.a
  CC      drivers/phy/tegra/xusb.o
  CC      drivers/pinctrl/meson/pinctrl-meson-gxl.o
  CC      net/core/filter.o
  CC      drivers/pinctrl/meson/pinctrl-meson-axg-pmx.o
  CC      drivers/gpio/gpio-imx-scu.o
  CC      drivers/phy/tegra/xusb-tegra124.o
  CC      drivers/pinctrl/meson/pinctrl-meson-axg.o
  CC      drivers/gpio/gpio-max732x.o
  CC      drivers/pinctrl/meson/pinctrl-meson-g12a.o
  CC      drivers/gpio/gpio-max77620.o
  CC      drivers/phy/tegra/xusb-tegra210.o
  CC      drivers/pinctrl/meson/pinctrl-meson-a1.o
  CC      drivers/gpio/gpio-mb86s7x.o
  CC      drivers/pinctrl/meson/pinctrl-meson-s4.o
  CC      drivers/gpio/gpio-mpc8xxx.o
  CC      drivers/pinctrl/meson/pinctrl-amlogic-c3.o
  AR      drivers/pinctrl/meson/built-in.a
  CC      drivers/pinctrl/mvebu/pinctrl-mvebu.o
  CC      drivers/gpio/gpio-mvebu.o
  CC      drivers/phy/tegra/xusb-tegra186.o
  CC      drivers/pinctrl/mvebu/pinctrl-armada-ap806.o
  CC      drivers/gpio/gpio-mxc.o
  AR      drivers/phy/tegra/built-in.a
  CC      drivers/pinctrl/mvebu/pinctrl-armada-cp110.o
  CC      drivers/phy/ti/phy-gmii-sel.o
  CC      drivers/gpio/gpio-pca953x.o
  CC      drivers/pinctrl/mvebu/pinctrl-armada-37xx.o
  AR      drivers/phy/ti/built-in.a
  AR      drivers/phy/xilinx/built-in.a
  AR      drivers/phy/built-in.a
  AR      drivers/pinctrl/nomadik/built-in.a
  CC      drivers/gpio/gpio-pl061.o
  CC      drivers/pinctrl/mvebu/pinctrl-ac5.o
  CC      net/core/sock_diag.o
  CC      drivers/pwm/core.o
  CC      drivers/gpio/gpio-raspberrypi-exp.o
  AR      drivers/pinctrl/mvebu/built-in.a
  AR      drivers/pinctrl/nuvoton/built-in.a
  AR      drivers/pinctrl/nxp/built-in.a
  CC      drivers/pinctrl/qcom/pinctrl-msm.o
  CC      drivers/gpio/gpio-rcar.o
  CC      net/core/dev_ioctl.o
  CC      drivers/pwm/sysfs.o
  CC      drivers/gpio/gpio-rockchip.o
  CC      drivers/pwm/pwm-bcm-iproc.o
  CC      drivers/pinctrl/qcom/pinctrl-ipq5018.o
  CC      drivers/pinctrl/qcom/pinctrl-ipq5332.o
  CC      net/core/tso.o
  CC      drivers/pwm/pwm-rockchip.o
  CC      drivers/gpio/gpio-syscon.o
  CC      drivers/pinctrl/qcom/pinctrl-ipq8074.o
  CC      drivers/pwm/pwm-samsung.o
  CC      drivers/gpio/gpio-tegra186.o
  CC      drivers/pinctrl/qcom/pinctrl-ipq6018.o
  CC      net/core/sock_reuseport.o
  AR      drivers/pwm/built-in.a
  AR      net/802/built-in.a
  CC      drivers/gpio/gpio-tegra.o
  CC      drivers/pinctrl/qcom/pinctrl-ipq9574.o
  CC      drivers/pci/access.o
  CC      drivers/pinctrl/qcom/pinctrl-msm8916.o
  CC      net/core/fib_notifier.o
  CC      drivers/gpio/gpio-tps65219.o
  CC      drivers/pinctrl/qcom/pinctrl-msm8953.o
  CC      drivers/pci/bus.o
  CC      drivers/gpio/gpio-uniphier.o
  CC      drivers/pinctrl/qcom/pinctrl-msm8976.o
  CC      net/core/xdp.o
  CC      drivers/pci/probe.o
  CC      drivers/pinctrl/qcom/pinctrl-msm8994.o
  CC      drivers/gpio/gpio-vf610.o
  CC      drivers/pinctrl/qcom/pinctrl-msm8996.o
  CC      drivers/gpio/gpio-visconti.o
  CC      net/core/flow_offload.o
  CC      drivers/pinctrl/qcom/pinctrl-msm8998.o
  CC      drivers/gpio/gpio-xgene.o
  CC      drivers/pci/host-bridge.o
  CC      drivers/pinctrl/qcom/pinctrl-qcm2290.o
  CC      net/core/gro.o
  CC      drivers/gpio/gpio-xgene-sb.o
  CC      drivers/pinctrl/qcom/pinctrl-qcs404.o
  CC      drivers/pci/remove.o
  CC      drivers/pinctrl/qcom/pinctrl-qdf2xxx.o
  CC      drivers/gpio/gpio-zynqmp-modepin.o
  CC      drivers/pci/pci.o
  CC      drivers/pinctrl/qcom/pinctrl-spmi-gpio.o
  AR      drivers/gpio/built-in.a
  CC      drivers/pinctrl/renesas/core.o
  CC      net/core/netdev-genl.o
  CC      drivers/pinctrl/renesas/pinctrl.o
  CC      drivers/pinctrl/qcom/pinctrl-spmi-mpp.o
  CC      net/core/netdev-genl-gen.o
  CC      drivers/pinctrl/renesas/pfc-r8a7796.o
  CC      drivers/pinctrl/qcom/pinctrl-qdu1000.o
  CC      net/core/gso.o
  CC      drivers/pinctrl/renesas/pfc-r8a77965.o
  CC      drivers/pinctrl/qcom/pinctrl-sa8775p.o
  CC      drivers/pinctrl/renesas/pfc-r8a77990.o
  CC      drivers/pinctrl/renesas/pfc-r8a77951.o
  CC      net/core/net-sysfs.o
  CC      drivers/pinctrl/qcom/pinctrl-sc7180.o
  CC      drivers/pci/pci-driver.o
  CC      drivers/pinctrl/qcom/pinctrl-sc7280.o
  CC      drivers/pinctrl/renesas/pfc-r8a77970.o
  CC      drivers/pinctrl/renesas/pfc-r8a77980.o
  CC      drivers/pinctrl/qcom/pinctrl-sc8180x.o
  CC      drivers/pci/search.o
  CC      drivers/pinctrl/renesas/pfc-r8a77995.o
  CC      drivers/pinctrl/qcom/pinctrl-sc8280xp.o
  CC      drivers/pinctrl/renesas/pfc-r8a779a0.o
  CC      net/core/page_pool.o
  CC      drivers/pci/pci-sysfs.o
  CC      drivers/pinctrl/qcom/pinctrl-sdm660.o
  CC      drivers/pinctrl/renesas/pfc-r8a779f0.o
  CC      drivers/pinctrl/renesas/pfc-r8a779g0.o
  CC      drivers/pinctrl/qcom/pinctrl-sdm670.o
  CC      drivers/pinctrl/renesas/pinctrl-rzg2l.o
  CC      drivers/pinctrl/qcom/pinctrl-sdm845.o
  CC      net/core/net-procfs.o
  CC      drivers/pci/rom.o
  CC      drivers/pinctrl/qcom/pinctrl-sm6115.o
  CC      drivers/pci/setup-res.o
  CC      net/core/selftests.o
  CC      drivers/pinctrl/renesas/pinctrl-rzv2m.o
  CC      drivers/pinctrl/qcom/pinctrl-sm6125.o
  CC      drivers/pci/irq.o
  CC      drivers/pinctrl/qcom/pinctrl-sm6350.o
  AR      drivers/pinctrl/renesas/built-in.a
  CC      net/sched/sch_generic.o
  CC      net/core/ptp_classifier.o
  CC      drivers/pci/vpd.o
  CC      drivers/pinctrl/qcom/pinctrl-sm6375.o
  CC      drivers/pinctrl/qcom/pinctrl-sm8150.o
  CC      drivers/pci/setup-bus.o
  CC      net/core/dst_cache.o
  CC      drivers/pinctrl/qcom/pinctrl-sm8250.o
  CC      drivers/pinctrl/qcom/pinctrl-sm8350.o
  CC      net/sched/sch_mq.o
  CC      net/core/gro_cells.o
  CC      drivers/pinctrl/qcom/pinctrl-sm8450.o
  CC      drivers/pci/vc.o
  CC      net/core/failover.o
  CC      net/sched/sch_frag.o
  CC      drivers/pinctrl/qcom/pinctrl-sm8550.o
  CC      drivers/pci/mmap.o
  AR      drivers/pinctrl/qcom/built-in.a
  CC      drivers/pinctrl/samsung/pinctrl-samsung.o
  CC      net/core/skmsg.o
  CC      net/sched/sch_api.o
  CC      drivers/pci/setup-irq.o
  CC      drivers/pinctrl/samsung/pinctrl-exynos.o
  CC      drivers/pci/msi/pcidev_msi.o
  CC      drivers/pci/msi/api.o
  CC      drivers/pinctrl/samsung/pinctrl-exynos-arm64.o
  CC      net/core/sock_map.o
  AR      drivers/pinctrl/samsung/built-in.a
  AR      drivers/pinctrl/sprd/built-in.a
  CC      drivers/pinctrl/stm32/pinctrl-stm32.o
  CC      net/sched/sch_blackhole.o
  CC      drivers/pci/msi/msi.o
  CC      net/sched/cls_api.o
  CC      drivers/pci/msi/irqdomain.o
  CC      drivers/pinctrl/stm32/pinctrl-stm32mp257.o
  AR      drivers/pinctrl/stm32/built-in.a
  CC      net/core/bpf_sk_storage.o
  AR      drivers/pinctrl/sunplus/built-in.a
  CC      drivers/pinctrl/sunxi/pinctrl-sunxi.o
  AR      drivers/pci/msi/built-in.a
  CC      drivers/pci/pcie/portdrv.o
  CC      drivers/pci/pcie/rcec.o
  CC      drivers/pinctrl/sunxi/pinctrl-sun50i-a64.o
  CC      net/core/of_net.o
  CC      drivers/pci/pcie/aspm.o
  CC      drivers/pinctrl/sunxi/pinctrl-sun50i-a64-r.o
  CC      net/sched/act_api.o
  AR      net/core/built-in.a
  CC      drivers/video/aperture.o
  CC      drivers/pinctrl/sunxi/pinctrl-sun50i-a100.o
  CC      drivers/pinctrl/sunxi/pinctrl-sun50i-a100-r.o
  CC      drivers/pci/pcie/aer.o
  CC      drivers/video/cmdline.o
  CC      drivers/pinctrl/sunxi/pinctrl-sun8i-h3-r.o
  CC      drivers/video/nomodeset.o
  CC      drivers/pinctrl/sunxi/pinctrl-sun50i-h5.o
  CC      net/sched/sch_fifo.o
  CC      drivers/pci/pcie/err.o
  CC      drivers/video/hdmi.o
  CC      drivers/pinctrl/sunxi/pinctrl-sun50i-h6.o
  CC      drivers/pinctrl/sunxi/pinctrl-sun50i-h6-r.o
  CC      drivers/pci/pcie/pme.o
  AR      net/sched/built-in.a
  CC      net/netlink/af_netlink.o
  CC      drivers/video/console/dummycon.o
  CC      drivers/pinctrl/sunxi/pinctrl-sun50i-h616.o
  AR      drivers/pci/pcie/built-in.a
  CC      drivers/pci/proc.o
  AR      drivers/video/console/built-in.a
  CC      drivers/pinctrl/sunxi/pinctrl-sun50i-h616-r.o
  CC      drivers/video/logo/logo.o
  AR      drivers/pinctrl/sunxi/built-in.a
  HOSTCC  drivers/video/logo/pnmtologo
  CC      drivers/pinctrl/tegra/pinctrl-tegra.o
  CC      drivers/pci/slot.o
  LOGO    drivers/video/logo/logo_linux_clut224.c
  CC      drivers/video/logo/logo_linux_clut224.o
  AR      drivers/video/logo/built-in.a
  AR      drivers/video/backlight/built-in.a
  CC      drivers/video/fbdev/core/fb_notify.o
  CC      drivers/pinctrl/tegra/pinctrl-tegra124.o
  CC      drivers/pci/pci-acpi.o
  CC      drivers/video/fbdev/core/fb_info.o
  CC      drivers/pinctrl/tegra/pinctrl-tegra210.o
  CC      net/netlink/genetlink.o
  CC      drivers/video/fbdev/core/fbmem.o
  CC      drivers/pinctrl/tegra/pinctrl-tegra194.o
  CC      drivers/pci/of.o
  CC      drivers/pinctrl/tegra/pinctrl-tegra234.o
  CC      drivers/pci/quirks.o
  CC      drivers/pinctrl/tegra/pinctrl-tegra-xusb.o
  CC      drivers/video/fbdev/core/fbcmap.o
  CC      net/netlink/policy.o
  AR      drivers/pinctrl/tegra/built-in.a
  AR      net/netlink/built-in.a
  AR      drivers/pinctrl/ti/built-in.a
  CC      net/bpf/test_run.o
  CC      drivers/pinctrl/uniphier/pinctrl-uniphier-core.o
  CC      drivers/video/fbdev/core/modedb.o
  CC      drivers/pinctrl/uniphier/pinctrl-uniphier-ld11.o
  CC      drivers/video/fbdev/core/fbcvt.o
  CC      drivers/pci/hotplug/pci_hotplug_core.o
  CC      drivers/pinctrl/uniphier/pinctrl-uniphier-ld20.o
  CC      drivers/pinctrl/uniphier/pinctrl-uniphier-pxs3.o
  CC      drivers/video/fbdev/core/fb_cmdline.o
  CC      net/bpf/bpf_dummy_struct_ops.o
  CC      drivers/pci/hotplug/acpi_pcihp.o
  CC      drivers/pinctrl/uniphier/pinctrl-uniphier-nx1.o
  CC      drivers/video/fbdev/core/fb_io_fops.o
  CC      drivers/pci/hotplug/acpiphp_core.o
  AR      drivers/pinctrl/uniphier/built-in.a
  CC      drivers/pinctrl/visconti/pinctrl-common.o
  AR      net/bpf/built-in.a
  CC      net/ethtool/ioctl.o
  CC      drivers/video/fbdev/core/fb_backlight.o
  CC      drivers/pinctrl/visconti/pinctrl-tmpv7700.o
  CC      drivers/pci/hotplug/acpiphp_glue.o
  AR      drivers/pinctrl/visconti/built-in.a
  AR      drivers/pinctrl/built-in.a
  CC      net/netfilter/core.o
  CC      drivers/video/fbdev/core/fbmon.o
drivers/pci/hotplug/acpiphp_glue.c:1071:1: fatal error: error writing to /tmp/ccBLPxPg.s: No space left on device
 1071 | }
      | ^
compilation terminated.
make[5]: *** [scripts/Makefile.build:243: drivers/pci/hotplug/acpiphp_glue.o] Error 1
make[4]: *** [scripts/Makefile.build:480: drivers/pci/hotplug] Error 2
  CC      drivers/video/display_timing.o
make[3]: *** [scripts/Makefile.build:480: drivers/pci] Error 2
make[3]: *** Waiting for unfinished jobs....
drivers/video/display_timing.c:23:1: fatal error: error writing to /tmp/ccq0U2LD.s: No space left on device
   23 | EXPORT_SYMBOL_GPL(display_timings_release);
      | ^~~~~~~~~~~~~~~~~
compilation terminated.
make[4]: *** [scripts/Makefile.build:243: drivers/video/display_timing.o] Error 1
make[4]: *** Waiting for unfinished jobs....
  CC      net/ipv4/route.o
net/netfilter/core.c:827:1: fatal error: error writing to /tmp/ccwCEjef.s: No space left on device
  827 | }
      | ^
compilation terminated.
make[4]: *** [scripts/Makefile.build:243: net/netfilter/core.o] Error 1
make[3]: *** [scripts/Makefile.build:480: net/netfilter] Error 2
make[3]: *** Waiting for unfinished jobs....
  AR      drivers/video/fbdev/omap/built-in.a
ar: drivers/video/fbdev/omap/built-in.a: No space left on device
make[6]: *** [scripts/Makefile.build:403: drivers/video/fbdev/omap/built-in.a] Error 1
make[5]: *** [scripts/Makefile.build:480: drivers/video/fbdev/omap] Error 2
  CC      net/ethtool/common.o
make[5]: *** Waiting for unfinished jobs....
drivers/video/fbdev/core/fbmon.c:1520:1: fatal error: error writing to /tmp/ccPTgdgW.s: No space left on device
 1520 | EXPORT_SYMBOL(fb_destroy_modedb);
      | ^~~~~~~~~~~~~
compilation terminated.
make[6]: *** [scripts/Makefile.build:243: drivers/video/fbdev/core/fbmon.o] Error 1
make[5]: *** [scripts/Makefile.build:480: drivers/video/fbdev/core] Error 2
make[4]: *** [scripts/Makefile.build:480: drivers/video/fbdev] Error 2
make[3]: *** [scripts/Makefile.build:480: drivers/video] Error 2
make[2]: *** [scripts/Makefile.build:480: drivers] Error 2
  CC      net/ipv4/inetpeer.o
make[2]: *** Waiting for unfinished jobs....
net/ethtool/ioctl.c:3390:1: fatal error: error writing to /tmp/cc6U6dRs.s: No space left on device
 3390 | EXPORT_SYMBOL(ethtool_rx_flow_rule_destroy);
      | ^~~~~~~~~~~~~
compilation terminated.
make[4]: *** [scripts/Makefile.build:243: net/ethtool/ioctl.o] Error 1
  CC      net/ipv4/protocol.o
make[4]: *** Waiting for unfinished jobs....
net/ethtool/common.c:687:1: fatal error: error writing to /tmp/ccmVHKbs.s: No space left on device
  687 | EXPORT_SYMBOL_GPL(ethtool_params_from_link_mode);
      | ^~~~~~~~~~~~~~~~~
compilation terminated.
make[4]: *** [scripts/Makefile.build:243: net/ethtool/common.o] Error 1
make[3]: *** [scripts/Makefile.build:480: net/ethtool] Error 2
  CC      net/ipv4/ip_input.o
net/ipv4/inetpeer.c:308:1: fatal error: error writing to /tmp/ccberRvH.s: No space left on device
  308 | EXPORT_SYMBOL(inetpeer_invalidate_tree);
      | ^~~~~~~~~~~~~
compilation terminated.
make[4]: *** [scripts/Makefile.build:243: net/ipv4/inetpeer.o] Error 1
make[4]: *** Waiting for unfinished jobs....
net/ipv4/protocol.c:70:1: fatal error: error writing to /tmp/ccRm8p4O.s: No space left on device
   70 | EXPORT_SYMBOL(inet_del_offload);
      | ^~~~~~~~~~~~~
compilation terminated.
make[4]: *** [scripts/Makefile.build:243: net/ipv4/protocol.o] Error 1
net/ipv4/ip_input.c:675:1: fatal error: error writing to /tmp/ccOOt5ff.s: No space left on device
  675 | }
      | ^
compilation terminated.
make[4]: *** [scripts/Makefile.build:243: net/ipv4/ip_input.o] Error 1
net/ipv4/route.c:3788:1: fatal error: error writing to /tmp/ccs9goIz.s: No space left on device
 3788 | }
      | ^
compilation terminated.
make[4]: *** [scripts/Makefile.build:243: net/ipv4/route.o] Error 1
make[3]: *** [scripts/Makefile.build:480: net/ipv4] Error 2
make[2]: *** [scripts/Makefile.build:480: net] Error 2
make[1]: *** [/tmp/linux/Makefile:1913: .] Error 2
make: *** [Makefile:234: __sub-make] Error 2
